2024-01-27 02:33:47,138 - INFO: System Health Monitoring Script started.
2024-01-27 02:33:48,140 - INFO: CPU Usage: 17.7%
2024-01-27 02:33:48,140 - INFO: Memory Usage: 83.4%
2024-01-27 02:33:48,140 - WARNING: High Memory Usage! Current usage: 83.4%
2024-01-27 02:33:48,140 - INFO: Disk Space Usage: 41.9%
2024-01-27 02:33:48,140 - INFO: Running Processes:
2024-01-27 02:33:48,141 - INFO:  - kernel_task (PID: 0)
2024-01-27 02:33:48,141 - INFO:  - launchd (PID: 1)
2024-01-27 02:33:48,141 - INFO:  - logd (PID: 303)
2024-01-27 02:33:48,141 - INFO:  - UserEventAgent (PID: 305)
2024-01-27 02:33:48,141 - INFO:  - uninstalld (PID: 307)
2024-01-27 02:33:48,141 - INFO:  - fseventsd (PID: 308)
2024-01-27 02:33:48,141 - INFO:  - mediaremoted (PID: 309)
2024-01-27 02:33:48,141 - INFO:  - systemstats (PID: 312)
2024-01-27 02:33:48,141 - INFO:  - configd (PID: 315)
2024-01-27 02:33:48,141 - INFO:  - powerd (PID: 317)
2024-01-27 02:33:48,142 - INFO:  - IOMFB_bics_daemo (PID: 318)
2024-01-27 02:33:48,142 - INFO:  - remoted (PID: 323)
2024-01-27 02:33:48,142 - INFO:  - watchdogd (PID: 328)
2024-01-27 02:33:48,142 - INFO:  - mds (PID: 332)
2024-01-27 02:33:48,142 - INFO:  - kernelmanagerd (PID: 334)
2024-01-27 02:33:48,142 - INFO:  - diskarbitrationd (PID: 335)
2024-01-27 02:33:48,142 - INFO:  - syslogd (PID: 339)
2024-01-27 02:33:48,142 - INFO:  - thermalmonitord (PID: 342)
2024-01-27 02:33:48,142 - INFO:  - opendirectoryd (PID: 343)
2024-01-27 02:33:48,142 - INFO:  - apsd (PID: 344)
2024-01-27 02:33:48,142 - INFO:  - launchservicesd (PID: 345)
2024-01-27 02:33:48,142 - INFO:  - timed (PID: 346)
2024-01-27 02:33:48,142 - INFO:  - usbmuxd (PID: 347)
2024-01-27 02:33:48,142 - INFO:  - securityd (PID: 348)
2024-01-27 02:33:48,142 - INFO:  - locationd (PID: 350)
2024-01-27 02:33:48,142 - INFO:  - autofsd (PID: 352)
2024-01-27 02:33:48,142 - INFO:  - dasd (PID: 353)
2024-01-27 02:33:48,142 - INFO:  - kdc (PID: 354)
2024-01-27 02:33:48,142 - INFO:  - distnoted (PID: 356)
2024-01-27 02:33:48,142 - INFO:  - logind (PID: 360)
2024-01-27 02:33:48,142 - INFO:  - revisiond (PID: 361)
2024-01-27 02:33:48,142 - INFO:  - KernelEventAgent (PID: 362)
2024-01-27 02:33:48,142 - INFO:  - bluetoothd (PID: 365)
2024-01-27 02:33:48,142 - INFO:  - notifyd (PID: 366)
2024-01-27 02:33:48,142 - INFO:  - corebrightnessd (PID: 368)
2024-01-27 02:33:48,142 - INFO:  - AirPlayXPCHelper (PID: 369)
2024-01-27 02:33:48,142 - INFO:  - com.apple.cmio.r (PID: 370)
2024-01-27 02:33:48,142 - INFO:  - WindowServer (PID: 372)
2024-01-27 02:33:48,143 - INFO:  - cfprefsd (PID: 373)
2024-01-27 02:33:48,143 - INFO:  - tccd (PID: 374)
2024-01-27 02:33:48,143 - INFO:  - loginwindow (PID: 375)
2024-01-27 02:33:48,143 - INFO:  - runningboardd (PID: 377)
2024-01-27 02:33:48,143 - INFO:  - contextstored (PID: 379)
2024-01-27 02:33:48,143 - INFO:  - coreservicesd (PID: 382)
2024-01-27 02:33:48,143 - INFO:  - lsd (PID: 386)
2024-01-27 02:33:48,143 - INFO:  - trustd (PID: 407)
2024-01-27 02:33:48,143 - INFO:  - airportd (PID: 409)
2024-01-27 02:33:48,143 - INFO:  - analyticsd (PID: 410)
2024-01-27 02:33:48,143 - INFO:  - nsurlsessiond (PID: 416)
2024-01-27 02:33:48,143 - INFO:  - apfsd (PID: 418)
2024-01-27 02:33:48,143 - INFO:  - coreaudiod (PID: 419)
2024-01-27 02:33:48,143 - INFO:  - distnoted (PID: 421)
2024-01-27 02:33:48,143 - INFO:  - mDNSResponder (PID: 426)
2024-01-27 02:33:48,143 - INFO:  - symptomsd (PID: 427)
2024-01-27 02:33:48,143 - INFO:  - systemstatusd (PID: 435)
2024-01-27 02:33:48,143 - INFO:  - authd (PID: 438)
2024-01-27 02:33:48,143 - INFO:  - distnoted (PID: 439)
2024-01-27 02:33:48,143 - INFO:  - distnoted (PID: 443)
2024-01-27 02:33:48,143 - INFO:  - mDNSResponderHel (PID: 444)
2024-01-27 02:33:48,143 - INFO:  - storagekitd (PID: 458)
2024-01-27 02:33:48,143 - INFO:  - distnoted (PID: 462)
2024-01-27 02:33:48,143 - INFO:  - syspolicyd (PID: 467)
2024-01-27 02:33:48,143 - INFO:  - audioclocksyncd (PID: 481)
2024-01-27 02:33:48,143 - INFO:  - appleh13camerad (PID: 498)
2024-01-27 02:33:48,143 - INFO:  - UVCAssistant (PID: 499)
2024-01-27 02:33:48,143 - INFO:  - appleeventsd (PID: 501)
2024-01-27 02:33:48,143 - INFO:  - com.apple.Driver (PID: 502)
2024-01-27 02:33:48,143 - INFO:  - com.apple.AppleU (PID: 504)
2024-01-27 02:33:48,143 - INFO:  - distnoted (PID: 517)
2024-01-27 02:33:48,144 - INFO:  - com.docker.vmnet (PID: 520)
2024-01-27 02:33:48,144 - INFO:  - distnoted (PID: 522)
2024-01-27 02:33:48,144 - INFO:  - mds_stores (PID: 533)
2024-01-27 02:33:48,144 - INFO:  - searchpartyd (PID: 538)
2024-01-27 02:33:48,144 - INFO:  - coreauthd (PID: 543)
2024-01-27 02:33:48,144 - INFO:  - distnoted (PID: 545)
2024-01-27 02:33:48,144 - INFO:  - cfprefsd (PID: 547)
2024-01-27 02:33:48,144 - INFO:  - securityd_servic (PID: 548)
2024-01-27 02:33:48,144 - INFO:  - wifianalyticsd (PID: 549)
2024-01-27 02:33:48,144 - INFO:  - distnoted (PID: 554)
2024-01-27 02:33:48,144 - INFO:  - UserEventAgent (PID: 558)
2024-01-27 02:33:48,144 - INFO:  - gamecontrollerd (PID: 559)
2024-01-27 02:33:48,144 - INFO:  - universalaccessd (PID: 564)
2024-01-27 02:33:48,144 - INFO:  - lsd (PID: 565)
2024-01-27 02:33:48,144 - INFO:  - WindowManager (PID: 566)
2024-01-27 02:33:48,144 - INFO:  - lockoutagent (PID: 576)
2024-01-27 02:33:48,144 - INFO:  - nsurlsessiond (PID: 578)
2024-01-27 02:33:48,144 - INFO:  - usernoted (PID: 579)
2024-01-27 02:33:48,144 - INFO:  - secd (PID: 581)
2024-01-27 02:33:48,144 - INFO:  - rapportd (PID: 585)
2024-01-27 02:33:48,144 - INFO:  - pboard (PID: 590)
2024-01-27 02:33:48,144 - INFO:  - distnoted (PID: 592)
2024-01-27 02:33:48,144 - INFO:  - usernotificationsd (PID: 593)
2024-01-27 02:33:48,144 - INFO:  - trustd (PID: 596)
2024-01-27 02:33:48,144 - INFO:  - identityservicesd (PID: 601)
2024-01-27 02:33:48,144 - INFO:  - NotificationCenter (PID: 602)
2024-01-27 02:33:48,144 - INFO:  - accountsd (PID: 605)
2024-01-27 02:33:48,144 - INFO:  - WiFiAgent (PID: 607)
2024-01-27 02:33:48,144 - INFO:  - Safari (PID: 625)
2024-01-27 02:33:48,144 - INFO:  - Notes (PID: 628)
2024-01-27 02:33:48,144 - INFO:  - aned (PID: 631)
2024-01-27 02:33:48,145 - INFO:  - awdd (PID: 636)
2024-01-27 02:33:48,145 - INFO:  - sharingd (PID: 641)
2024-01-27 02:33:48,145 - INFO:  - ViewBridgeAuxiliary (PID: 645)
2024-01-27 02:33:48,145 - INFO:  - familycircled (PID: 646)
2024-01-27 02:33:48,145 - INFO:  - ContinuityCaptureAgent (PID: 648)
2024-01-27 02:33:48,145 - INFO:  - sharedfilelistd (PID: 650)
2024-01-27 02:33:48,145 - INFO:  - StatusKitAgent (PID: 651)
2024-01-27 02:33:48,145 - INFO:  - Google Chrome (PID: 655)
2024-01-27 02:33:48,145 - INFO:  - SubmitDiagInfo (PID: 657)
2024-01-27 02:33:48,145 - INFO:  - Dock (PID: 672)
2024-01-27 02:33:48,145 - INFO:  - ControlCenter (PID: 673)
2024-01-27 02:33:48,145 - INFO:  - fontd (PID: 674)
2024-01-27 02:33:48,145 - INFO:  - SystemUIServer (PID: 675)
2024-01-27 02:33:48,145 - INFO:  - Finder (PID: 676)
2024-01-27 02:33:48,145 - INFO:  - WallpaperAgent (PID: 679)
2024-01-27 02:33:48,145 - INFO:  - fontworker (PID: 680)
2024-01-27 02:33:48,145 - INFO:  - filecoordination (PID: 681)
2024-01-27 02:33:48,145 - INFO:  - automountd (PID: 685)
2024-01-27 02:33:48,145 - INFO:  - fileproviderd (PID: 686)
2024-01-27 02:33:48,145 - INFO:  - AMPDeviceDiscoveryAgent (PID: 687)
2024-01-27 02:33:48,145 - INFO:  - oahd (PID: 699)
2024-01-27 02:33:48,145 - INFO:  - nearbyd (PID: 701)
2024-01-27 02:33:48,145 - INFO:  - gamepolicyd (PID: 704)
2024-01-27 02:33:48,145 - INFO:  - WallpaperImageExtension (PID: 707)
2024-01-27 02:33:48,145 - INFO:  - useractivityd (PID: 714)
2024-01-27 02:33:48,145 - INFO:  - com.apple.dock.extra (PID: 715)
2024-01-27 02:33:48,145 - INFO:  - com.apple.CloudDocs.iCloudDriveFileProvider (PID: 721)
2024-01-27 02:33:48,145 - INFO:  - Spotlight (PID: 722)
2024-01-27 02:33:48,145 - INFO:  - corespotlightd (PID: 725)
2024-01-27 02:33:48,145 - INFO:  - imagent (PID: 732)
2024-01-27 02:33:48,146 - INFO:  - UIKitSystem (PID: 733)
2024-01-27 02:33:48,146 - INFO:  - imklaunchagent (PID: 738)
2024-01-27 02:33:48,146 - INFO:  - CursorUIViewService (PID: 740)
2024-01-27 02:33:48,146 - INFO:  - PAH_Extension (PID: 742)
2024-01-27 02:33:48,146 - INFO:  - CVMServer (PID: 751)
2024-01-27 02:33:48,146 - INFO:  - mediaremoteagent (PID: 752)
2024-01-27 02:33:48,146 - INFO:  - avconferenced (PID: 757)
2024-01-27 02:33:48,146 - INFO:  - storedownloadd (PID: 773)
2024-01-27 02:33:48,146 - INFO:  - fairplayd (PID: 792)
2024-01-27 02:33:48,146 - INFO:  - diagnostics_agent (PID: 794)
2024-01-27 02:33:48,146 - INFO:  - commerce (PID: 797)
2024-01-27 02:33:48,146 - INFO:  - chrome_crashpad_handler (PID: 799)
2024-01-27 02:33:48,146 - INFO:  - mdbulkimport (PID: 800)
2024-01-27 02:33:48,146 - INFO:  - distnoted (PID: 801)
2024-01-27 02:33:48,146 - INFO:  - Google Chrome Helper (GPU) (PID: 805)
2024-01-27 02:33:48,146 - INFO:  - Google Chrome Helper (PID: 806)
2024-01-27 02:33:48,146 - INFO:  - Google Chrome Helper (PID: 807)
2024-01-27 02:33:48,146 - INFO:  - com.apple.Safari.History (PID: 809)
2024-01-27 02:33:48,146 - INFO:  - mdwrite (PID: 851)
2024-01-27 02:33:48,146 - INFO:  - passd (PID: 856)
2024-01-27 02:33:48,146 - INFO:  - icdd (PID: 866)
2024-01-27 02:33:48,146 - INFO:  - com.apple.WebKit.Networking (PID: 888)
2024-01-27 02:33:48,146 - INFO:  - 7. Video (PID: 890)
2024-01-27 02:33:48,146 - INFO:  - PasswordBreachAgent (PID: 913)
2024-01-27 02:33:48,146 - INFO:  - com.apple.WebKit.WebContent (PID: 932)
2024-01-27 02:33:48,146 - INFO:  - webinspectord (PID: 934)
2024-01-27 02:33:48,146 - INFO:  - remotepairingd (PID: 935)
2024-01-27 02:33:48,146 - INFO:  - com.apple.WebKit.GPU (PID: 939)
2024-01-27 02:33:48,147 - INFO:  - com.apple.WebKit.WebContent (PID: 963)
2024-01-27 02:33:48,147 - INFO:  - distnoted (PID: 966)
2024-01-27 02:33:48,147 - INFO:  - com.apple.appkit.xpc.openAndSavePanelService (PID: 972)
2024-01-27 02:33:48,147 - INFO:  - distnoted (PID: 977)
2024-01-27 02:33:48,147 - INFO:  - gamecontrolleragentd (PID: 978)
2024-01-27 02:33:48,147 - INFO:  - distnoted (PID: 982)
2024-01-27 02:33:48,147 - INFO:  - distnoted (PID: 988)
2024-01-27 02:33:48,147 - INFO:  - com.apple.WebKit.WebContent (PID: 995)
2024-01-27 02:33:48,147 - INFO:  - launcher (PID: 1006)
2024-01-27 02:33:48,147 - INFO:  - corespeechd (PID: 1015)
2024-01-27 02:33:48,147 - INFO:  - AirPlayUIAgent (PID: 1025)
2024-01-27 02:33:48,147 - INFO:  - TextInputMenuAgent (PID: 1027)
2024-01-27 02:33:48,147 - INFO:  - ctkahp (PID: 1030)
2024-01-27 02:33:48,147 - INFO:  - Google Drive (PID: 1031)
2024-01-27 02:33:48,147 - INFO:  - systemstats (PID: 1043)
2024-01-27 02:33:48,147 - INFO:  - crashpad_handler (PID: 1073)
2024-01-27 02:33:48,147 - INFO:  - ptpcamerad (PID: 1087)
2024-01-27 02:33:48,147 - INFO:  - universalAccessAuthWarn (PID: 1153)
2024-01-27 02:33:48,147 - INFO:  - mdbulkimport (PID: 1204)
2024-01-27 02:33:48,147 - INFO:  - CrashReporterSup (PID: 1309)
2024-01-27 02:33:48,147 - INFO:  - distnoted (PID: 1479)
2024-01-27 02:33:48,147 - INFO:  - seserviced (PID: 1519)
2024-01-27 02:33:48,147 - INFO:  - fbahelperd (PID: 1537)
2024-01-27 02:33:48,147 - INFO:  - com.apple.Safari.SearchHelper (PID: 2054)
2024-01-27 02:33:48,147 - INFO:  - Shortcuts Events (PID: 2121)
2024-01-27 02:33:48,147 - INFO:  - taskgated (PID: 2401)
2024-01-27 02:33:48,148 - INFO:  - Google Chrome Helper (PID: 2787)
2024-01-27 02:33:48,148 - INFO:  - com.apple.appkit.xpc.openAndSavePanelService (PID: 3778)
2024-01-27 02:33:48,148 - INFO:  - CopyClip (PID: 5069)
2024-01-27 02:33:48,148 - INFO:  - storeaccountd (PID: 5244)
2024-01-27 02:33:48,148 - INFO:  - searchpartyuseragent (PID: 5246)
2024-01-27 02:33:48,148 - INFO:  - IMAutomaticHistoryDeletionAgent (PID: 5569)
2024-01-27 02:33:48,148 - INFO:  - PowerChime (PID: 7162)
2024-01-27 02:33:48,148 - INFO:  - logd_reporter (PID: 7490)
2024-01-27 02:33:48,148 - INFO:  - distnoted (PID: 7507)
2024-01-27 02:33:48,148 - INFO:  - Terminal (PID: 10154)
2024-01-27 02:33:48,148 - INFO:  - distnoted (PID: 12681)
2024-01-27 02:33:48,148 - INFO:  - ctkahp (PID: 12848)
2024-01-27 02:33:48,148 - INFO:  - launcher (PID: 16327)
2024-01-27 02:33:48,148 - INFO:  - Google Chrome Helper (Renderer) (PID: 19373)
2024-01-27 02:33:48,148 - INFO:  - Google Chrome Helper (Renderer) (PID: 22760)
2024-01-27 02:33:48,148 - INFO:  - launcher (PID: 26775)
2024-01-27 02:33:48,148 - INFO:  - com.apple.WebKit.WebContent (PID: 28061)
2024-01-27 02:33:48,148 - INFO:  - com.apple.WebKit.WebContent (PID: 28073)
2024-01-27 02:33:48,148 - INFO:  - com.apple.WebKit.WebContent (PID: 28075)
2024-01-27 02:33:48,148 - INFO:  - com.apple.Safari.SandboxBroker (PID: 29084)
2024-01-27 02:33:48,148 - INFO:  - garcon (PID: 29495)
2024-01-27 02:33:48,148 - INFO:  - garcon (PID: 29497)
2024-01-27 02:33:48,148 - INFO:  - garcon (PID: 29498)
2024-01-27 02:33:48,148 - INFO:  - storeuid (PID: 30128)
2024-01-27 02:33:48,148 - INFO:  - Preview (PID: 34357)
2024-01-27 02:33:48,148 - INFO:  - mscamerad-xpc (PID: 34362)
2024-01-27 02:33:48,148 - INFO:  - mbuseragent (PID: 34823)
2024-01-27 02:33:48,148 - INFO:  - MathWorksServiceHost (PID: 35786)
2024-01-27 02:33:48,148 - INFO:  - MSHHealthMonitor (PID: 35804)
2024-01-27 02:33:48,148 - INFO:  - ShareSheetUI (PID: 35810)
2024-01-27 02:33:48,149 - INFO:  - Messages (PID: 35817)
2024-01-27 02:33:48,149 - INFO:  - Google Chrome Helper (Renderer) (PID: 37646)
2024-01-27 02:33:48,149 - INFO:  - com.apple.WebKit.WebContent (PID: 37692)
2024-01-27 02:33:48,149 - INFO:  - Google Chrome Helper (Renderer) (PID: 38181)
2024-01-27 02:33:48,149 - INFO:  - Family (PID: 38278)
2024-01-27 02:33:48,149 - INFO:  - hdiejectd (PID: 38828)
2024-01-27 02:33:48,149 - INFO:  - diskimages-helper (PID: 38830)
2024-01-27 02:33:48,149 - INFO:  - com.apple.WebKit.WebContent (PID: 38913)
2024-01-27 02:33:48,149 - INFO:  - com.docker.backend (PID: 38966)
2024-01-27 02:33:48,149 - INFO:  - com.docker.dev-envs (PID: 38975)
2024-01-27 02:33:48,149 - INFO:  - com.docker.build (PID: 38976)
2024-01-27 02:33:48,149 - INFO:  - docker (PID: 38977)
2024-01-27 02:33:48,149 - INFO:  - com.docker.extensions (PID: 38978)
2024-01-27 02:33:48,149 - INFO:  - Docker Desktop (PID: 39027)
2024-01-27 02:33:48,149 - INFO:  - Docker Desktop Helper (GPU) (PID: 39028)
2024-01-27 02:33:48,149 - INFO:  - Docker Desktop Helper (PID: 39029)
2024-01-27 02:33:48,149 - INFO:  - com.apple.WebKit.WebContent (PID: 39098)
2024-01-27 02:33:48,149 - INFO:  - Google Chrome Helper (Renderer) (PID: 39676)
2024-01-27 02:33:48,149 - INFO:  - com.apple.WebKit.WebContent (PID: 39831)
2024-01-27 02:33:48,149 - INFO:  - Google Chrome Helper (Renderer) (PID: 40277)
2024-01-27 02:33:48,149 - INFO:  - Electron (PID: 41126)
2024-01-27 02:33:48,149 - INFO:  - chrome_crashpad_handler (PID: 41128)
2024-01-27 02:33:48,149 - INFO:  - Code Helper (GPU) (PID: 41129)
2024-01-27 02:33:48,149 - INFO:  - Code Helper (PID: 41130)
2024-01-27 02:33:48,149 - INFO:  - Code Helper (PID: 41142)
2024-01-27 02:33:48,149 - INFO:  - Code Helper (PID: 41167)
2024-01-27 02:33:48,150 - INFO:  - DiskUnmountWatcher (PID: 45024)
2024-01-27 02:33:48,150 - INFO:  - crashpad_handler (PID: 45036)
2024-01-27 02:33:48,150 - INFO:  - crashpad_handler (PID: 45078)
2024-01-27 02:33:48,150 - INFO:  - Google Drive (PID: 45079)
2024-01-27 02:33:48,150 - INFO:  - Google Drive Helper (GPU) (PID: 45085)
2024-01-27 02:33:48,150 - INFO:  - Google Drive Helper (PID: 45086)
2024-01-27 02:33:48,150 - INFO:  - Google Drive Helper (PID: 45087)
2024-01-27 02:33:48,150 - INFO:  - Google Drive Helper (Renderer) (PID: 45088)
2024-01-27 02:33:48,150 - INFO:  - Google Drive Helper (Renderer) (PID: 45089)
2024-01-27 02:33:48,150 - INFO:  - mscamerad-xpc (PID: 45090)
2024-01-27 02:33:48,150 - INFO:  - FinderSyncExtension (PID: 45094)
2024-01-27 02:33:48,150 - INFO:  - FinderSyncExtension (PID: 45095)
2024-01-27 02:33:48,150 - INFO:  - FinderSyncExtension (PID: 45096)
2024-01-27 02:33:48,150 - INFO:  - appstorecomponentsd (PID: 49583)
2024-01-27 02:33:48,150 - INFO:  - com.apple.Safari.SafeBrowsing.Service (PID: 51323)
2024-01-27 02:33:48,150 - INFO:  - containermanagerd (PID: 51400)
2024-01-27 02:33:48,150 - INFO:  - AppleSpell (PID: 51484)
2024-01-27 02:33:48,150 - INFO:  - siriactionsd (PID: 51556)
2024-01-27 02:33:48,150 - INFO:  - com.apple.WebKit.WebContent (PID: 51992)
2024-01-27 02:33:48,150 - INFO:  - com.apple.WebKit.WebContent (PID: 51993)
2024-01-27 02:33:48,150 - INFO:  - ContextStoreAgent (PID: 54648)
2024-01-27 02:33:48,150 - INFO:  - com.apple.CodeSi (PID: 55859)
2024-01-27 02:33:48,150 - INFO:  - WhatsApp (PID: 56964)
2024-01-27 02:33:48,150 - INFO:  - WhatsApp (PID: 56965)
2024-01-27 02:33:48,150 - INFO:  - TextEdit (PID: 57043)
2024-01-27 02:33:48,150 - INFO:  - com.apple.appkit.xpc.openAndSavePanelService (PID: 57046)
2024-01-27 02:33:48,151 - INFO:  - garcon (PID: 57433)
2024-01-27 02:33:48,151 - INFO:  - FinderSyncExtension (PID: 57434)
2024-01-27 02:33:48,151 - INFO:  - sysmond (PID: 57562)
2024-01-27 02:33:48,151 - INFO:  - bird (PID: 57568)
2024-01-27 02:33:48,151 - INFO:  - Google Chrome Helper (Renderer) (PID: 59360)
2024-01-27 02:33:48,151 - INFO:  - Activity Monitor (PID: 60032)
2024-01-27 02:33:48,151 - INFO:  - audioanalyticsd (PID: 62607)
2024-01-27 02:33:48,151 - INFO:  - netbiosd (PID: 62725)
2024-01-27 02:33:48,151 - INFO:  - PerfPowerService (PID: 64810)
2024-01-27 02:33:48,151 - INFO:  - Teams (PID: 65606)
2024-01-27 02:33:48,151 - INFO:  - sharedfilelistd (PID: 65608)
2024-01-27 02:33:48,151 - INFO:  - chrome_crashpad_handler (PID: 65674)
2024-01-27 02:33:48,151 - INFO:  - Microsoft Teams classic Helper (GPU) (PID: 65675)
2024-01-27 02:33:48,151 - INFO:  - Microsoft Teams classic Helper (PID: 65676)
2024-01-27 02:33:48,151 - INFO:  - Microsoft Teams classic Helper (Renderer) (PID: 65680)
2024-01-27 02:33:48,151 - INFO:  - Microsoft Teams classic Helper (PID: 65684)
2024-01-27 02:33:48,151 - INFO:  - Microsoft Teams classic Helper (Renderer) (PID: 65685)
2024-01-27 02:33:48,151 - INFO:  - Microsoft Teams classic Helper (Renderer) (PID: 65694)
2024-01-27 02:33:48,151 - INFO:  - Microsoft Teams classic Helper (Renderer) (PID: 65695)
2024-01-27 02:33:48,151 - INFO:  - assistantd (PID: 65949)
2024-01-27 02:33:48,151 - INFO:  - distnoted (PID: 65958)
2024-01-27 02:33:48,151 - INFO:  - lsd (PID: 65959)
2024-01-27 02:33:48,151 - INFO:  - syncdefaultsd (PID: 66994)
2024-01-27 02:33:48,151 - INFO:  - sandboxd (PID: 67120)
2024-01-27 02:33:48,151 - INFO:  - SafariBookmarksSyncAgent (PID: 73428)
2024-01-27 02:33:48,151 - INFO:  - suggestd (PID: 73447)
2024-01-27 02:33:48,151 - INFO:  - com.apple.hiservices-xpcservice (PID: 73963)
2024-01-27 02:33:48,151 - INFO:  - parsecd (PID: 78324)
2024-01-27 02:33:48,151 - INFO:  - contentlinkingd (PID: 80485)
2024-01-27 02:33:48,151 - INFO:  - mobileassetd (PID: 80515)
2024-01-27 02:33:48,152 - INFO:  - backupd (PID: 80521)
2024-01-27 02:33:48,152 - INFO:  - coresymbolicatio (PID: 80525)
2024-01-27 02:33:48,152 - INFO:  - ScreenTimeAgent (PID: 80634)
2024-01-27 02:33:48,152 - INFO:  - chronod (PID: 81268)
2024-01-27 02:33:48,152 - INFO:  - Google Chrome Helper (PID: 81522)
2024-01-27 02:33:48,152 - INFO:  - LocalAuthenticationRemoteService (PID: 81566)
2024-01-27 02:33:48,152 - INFO:  - nehelper (PID: 81569)
2024-01-27 02:33:48,152 - INFO:  - com.apple.WebKit.WebContent (PID: 81571)
2024-01-27 02:33:48,152 - INFO:  - Siri (PID: 81573)
2024-01-27 02:33:48,152 - INFO:  - callservicesd (PID: 81581)
2024-01-27 02:33:48,152 - INFO:  - BiomeAgent (PID: 81601)
2024-01-27 02:33:48,152 - INFO:  - SiriNCService (PID: 81603)
2024-01-27 02:33:48,152 - INFO:  - routined (PID: 82101)
2024-01-27 02:33:48,152 - INFO:  - com.apple.WebKit.WebContent (PID: 82475)
2024-01-27 02:33:48,152 - INFO:  - proactived (PID: 82486)
2024-01-27 02:33:48,152 - INFO:  - com.apple.WebKit.WebContent (PID: 82530)
2024-01-27 02:33:48,152 - INFO:  - biomed (PID: 83463)
2024-01-27 02:33:48,152 - INFO:  - cloudd (PID: 83468)
2024-01-27 02:33:48,152 - INFO:  - tccd (PID: 83469)
2024-01-27 02:33:48,152 - INFO:  - neagent (PID: 83476)
2024-01-27 02:33:48,152 - INFO:  - akd (PID: 83477)
2024-01-27 02:33:48,152 - INFO:  - adid (PID: 83478)
2024-01-27 02:33:48,152 - INFO:  - com.apple.Accoun (PID: 83479)
2024-01-27 02:33:48,152 - INFO:  - rtcreportingd (PID: 83480)
2024-01-27 02:33:48,152 - INFO:  - contactsd (PID: 83508)
2024-01-27 02:33:48,152 - INFO:  - audiomxd (PID: 83515)
2024-01-27 02:33:48,152 - INFO:  - CoreServicesUIAgent (PID: 83529)
2024-01-27 02:33:48,152 - INFO:  - XprotectService (PID: 83530)
2024-01-27 02:33:48,152 - INFO:  - wifip2pd (PID: 83541)
2024-01-27 02:33:48,152 - INFO:  - com.apple.WebKit.WebContent (PID: 83622)
2024-01-27 02:33:48,152 - INFO:  - pbs (PID: 83647)
2024-01-27 02:33:48,152 - INFO:  - systemsoundserve (PID: 83660)
2024-01-27 02:33:48,153 - INFO:  - biomesyncd (PID: 83990)
2024-01-27 02:33:48,153 - INFO:  - CommCenter (PID: 84082)
2024-01-27 02:33:48,153 - INFO:  - com.apple.audio. (PID: 84101)
2024-01-27 02:33:48,153 - INFO:  - containermanager (PID: 84103)
2024-01-27 02:33:48,153 - INFO:  - audioaccessoryd (PID: 84119)
2024-01-27 02:33:48,153 - INFO:  - intelligentroutingd (PID: 84122)
2024-01-27 02:33:48,153 - INFO:  - coreauthd (PID: 84137)
2024-01-27 02:33:48,153 - INFO:  - maild (PID: 84138)
2024-01-27 02:33:48,153 - INFO:  - biometrickitd (PID: 84139)
2024-01-27 02:33:48,153 - INFO:  - Keychain Circle Notification (PID: 84140)
2024-01-27 02:33:48,153 - INFO:  - cdpd (PID: 84141)
2024-01-27 02:33:48,153 - INFO:  - replayd (PID: 84142)
2024-01-27 02:33:48,153 - INFO:  - swcd (PID: 84144)
2024-01-27 02:33:48,153 - INFO:  - ospredictiond (PID: 84145)
2024-01-27 02:33:48,153 - INFO:  - triald (PID: 84146)
2024-01-27 02:33:48,153 - INFO:  - osanalyticshelpe (PID: 84147)
2024-01-27 02:33:48,153 - INFO:  - idleassetsd (PID: 84149)
2024-01-27 02:33:48,153 - INFO:  - WirelessRadioMan (PID: 84150)
2024-01-27 02:33:48,153 - INFO:  - online-auth-agen (PID: 84154)
2024-01-27 02:33:48,153 - INFO:  - coreduetd (PID: 84156)
2024-01-27 02:33:48,153 - INFO:  - knowledge-agent (PID: 84157)
2024-01-27 02:33:48,153 - INFO:  - securityd_system (PID: 84158)
2024-01-27 02:33:48,153 - INFO:  - calaccessd (PID: 84159)
2024-01-27 02:33:48,153 - INFO:  - CoreLocationAgent (PID: 84160)
2024-01-27 02:33:48,153 - INFO:  - remindd (PID: 84161)
2024-01-27 02:33:48,153 - INFO:  - com.apple.WebKit.WebContent (PID: 84165)
2024-01-27 02:33:48,153 - INFO:  - com.apple.accessibility.mediaaccessibilityd (PID: 84166)
2024-01-27 02:33:48,153 - INFO:  - AudioComponentRegistrar (PID: 84167)
2024-01-27 02:33:48,153 - INFO:  - pkd (PID: 84168)
2024-01-27 02:33:48,153 - INFO:  - CarbonComponentScannerXPC (PID: 84169)
2024-01-27 02:33:48,154 - INFO:  - iconservicesagent (PID: 84170)
2024-01-27 02:33:48,154 - INFO:  - iconservicesd (PID: 84171)
2024-01-27 02:33:48,154 - INFO:  - com.apple.SiriTTSService.TrialProxy (PID: 84192)
2024-01-27 02:33:48,154 - INFO:  - MTLCompilerService (PID: 84198)
2024-01-27 02:33:48,154 - INFO:  - MTLCompilerService (PID: 84199)
2024-01-27 02:33:48,154 - INFO:  - powerdatad (PID: 84267)
2024-01-27 02:33:48,154 - INFO:  - backupd-helper (PID: 84268)
2024-01-27 02:33:48,154 - INFO:  - dmd (PID: 84301)
2024-01-27 02:33:48,154 - INFO:  - translationd (PID: 84302)
2024-01-27 02:33:48,154 - INFO:  - ManagedSettingsAgent (PID: 84303)
2024-01-27 02:33:48,154 - INFO:  - ContextService (PID: 84307)
2024-01-27 02:33:48,154 - INFO:  - AssetCacheLocatorService (PID: 84308)
2024-01-27 02:33:48,154 - INFO:  - PlugInLibraryService (PID: 84331)
2024-01-27 02:33:48,154 - INFO:  - dataaccessd (PID: 84337)
2024-01-27 02:33:48,154 - INFO:  - peopled (PID: 84338)
2024-01-27 02:33:48,154 - INFO:  - donotdisturbd (PID: 84339)
2024-01-27 02:33:48,154 - INFO:  - extensionkitservice (PID: 84340)
2024-01-27 02:33:48,154 - INFO:  - CalendarWidgetExtension (PID: 84341)
2024-01-27 02:33:48,154 - INFO:  - secinitd (PID: 84342)
2024-01-27 02:33:48,154 - INFO:  - fmfd (PID: 84346)
2024-01-27 02:33:48,154 - INFO:  - usermanagerd (PID: 84347)
2024-01-27 02:33:48,154 - INFO:  - com.apple.geod (PID: 84348)
2024-01-27 02:33:48,154 - INFO:  - com.apple.geod (PID: 84353)
2024-01-27 02:33:48,154 - INFO:  - com.apple.geod (PID: 84354)
2024-01-27 02:33:48,154 - INFO:  - com.apple.geod (PID: 84355)
2024-01-27 02:33:48,154 - INFO:  - secinitd (PID: 84356)
2024-01-27 02:33:48,154 - INFO:  - secinitd (PID: 84357)
2024-01-27 02:33:48,154 - INFO:  - secinitd (PID: 84358)
2024-01-27 02:33:48,154 - INFO:  - cfprefsd (PID: 84359)
2024-01-27 02:33:48,154 - INFO:  - trustd (PID: 84360)
2024-01-27 02:33:48,154 - INFO:  - trustdFileHelper (PID: 84361)
2024-01-27 02:33:48,154 - INFO:  - cfprefsd (PID: 84362)
2024-01-27 02:33:48,154 - INFO:  - containermanager (PID: 84363)
2024-01-27 02:33:48,155 - INFO:  - containermanager (PID: 84370)
2024-01-27 02:33:48,155 - INFO:  - trustd (PID: 84373)
2024-01-27 02:33:48,155 - INFO:  - CMFSyncAgent (PID: 84378)
2024-01-27 02:33:48,155 - INFO:  - containermanager (PID: 84379)
2024-01-27 02:33:48,155 - INFO:  - ScopedBookmarkAgent (PID: 84397)
2024-01-27 02:33:48,155 - INFO:  - amfid (PID: 84399)
2024-01-27 02:33:48,155 - INFO:  - ThemeWidgetControlViewService (PID: 84409)
2024-01-27 02:33:48,155 - INFO:  - ScreenTimeWidgetExtension (PID: 84477)
2024-01-27 02:33:48,155 - INFO:  - UsageTrackingAgent (PID: 84478)
2024-01-27 02:33:48,155 - INFO:  - CategoriesService (PID: 84479)
2024-01-27 02:33:48,155 - INFO:  - parsec-fbf (PID: 84507)
2024-01-27 02:33:48,155 - INFO:  - Code Helper (Renderer) (PID: 84706)
2024-01-27 02:33:48,155 - INFO:  - Code Helper (Plugin) (PID: 84708)
2024-01-27 02:33:48,155 - INFO:  - Code Helper (PID: 84709)
2024-01-27 02:33:48,155 - INFO:  - Code Helper (Plugin) (PID: 84710)
2024-01-27 02:33:48,155 - INFO:  - com.apple.WebKit.WebContent (PID: 84746)
2024-01-27 02:33:48,155 - INFO:  - MTLCompilerService (PID: 84747)
2024-01-27 02:33:48,155 - INFO:  - reversetemplated (PID: 84748)
2024-01-27 02:33:48,155 - INFO:  - MTLCompilerService (PID: 84751)
2024-01-27 02:33:48,155 - INFO:  - IntelligencePlatformComputeService (PID: 85005)
2024-01-27 02:33:48,155 - INFO:  - com.apple.quicklook.ThumbnailsAgent (PID: 85061)
2024-01-27 02:33:48,155 - INFO:  - CGPDFService (PID: 85062)
2024-01-27 02:33:48,155 - INFO:  - QuickLookSatellite (PID: 85063)
2024-01-27 02:33:48,155 - INFO:  - VTDecoderXPCService (PID: 85064)
2024-01-27 02:33:48,155 - INFO:  - CSExattrCryptoService (PID: 85065)
2024-01-27 02:33:48,155 - INFO:  - mediaanalysisd (PID: 85066)
2024-01-27 02:33:48,155 - INFO:  - naturallanguaged (PID: 85079)
2024-01-27 02:33:48,155 - INFO:  - Google Chrome Helper (Renderer) (PID: 85101)
2024-01-27 02:33:48,155 - INFO:  - Google Chrome Helper (Renderer) (PID: 85110)
2024-01-27 02:33:48,156 - INFO:  - VTDecoderXPCService (PID: 85113)
2024-01-27 02:33:48,156 - INFO:  - csnameddatad (PID: 85116)
2024-01-27 02:33:48,156 - INFO:  - LensOCR (PID: 85117)
2024-01-27 02:33:48,156 - INFO:  - storekitagent (PID: 85118)
2024-01-27 02:33:48,156 - INFO:  - amsaccountsd (PID: 85119)
2024-01-27 02:33:48,156 - INFO:  - amsengagementd (PID: 85120)
2024-01-27 02:33:48,156 - INFO:  - networkserviceproxy (PID: 85132)
2024-01-27 02:33:48,156 - INFO:  - Google Chrome Helper (Renderer) (PID: 85148)
2024-01-27 02:33:48,156 - INFO:  - Google Chrome Helper (Renderer) (PID: 85151)
2024-01-27 02:33:48,156 - INFO:  - Google Chrome Helper (Renderer) (PID: 85167)
2024-01-27 02:33:48,156 - INFO:  - Google Chrome Helper (Renderer) (PID: 85168)
2024-01-27 02:33:48,156 - INFO:  - WeatherWidget (PID: 85200)
2024-01-27 02:33:48,156 - INFO:  - intents_helper (PID: 85230)
2024-01-27 02:33:48,156 - INFO:  - CSExattrCryptoService (PID: 85254)
2024-01-27 02:33:48,156 - INFO:  - ThumbnailExtension_macOS (PID: 85255)
2024-01-27 02:33:48,156 - INFO:  - Code Helper (Renderer) (PID: 85261)
2024-01-27 02:33:48,156 - INFO:  - Code Helper (PID: 85262)
2024-01-27 02:33:48,156 - INFO:  - Code Helper (Plugin) (PID: 85263)
2024-01-27 02:33:48,156 - INFO:  - mdworker_shared (PID: 85280)
2024-01-27 02:33:48,156 - INFO:  - zsh (PID: 85283)
2024-01-27 02:33:48,156 - INFO:  - Code Helper (Plugin) (PID: 85310)
2024-01-27 02:33:48,156 - INFO:  - Python (PID: 85313)
2024-01-27 02:33:48,156 - INFO:  - Code Helper (Plugin) (PID: 85339)
2024-01-27 02:33:48,156 - INFO:  - mdworker_shared (PID: 85354)
2024-01-27 02:33:48,156 - INFO:  - mdworker_shared (PID: 85359)
2024-01-27 02:33:48,156 - INFO:  - mdworker_shared (PID: 85366)
2024-01-27 02:33:48,156 - INFO:  - mdworker_shared (PID: 85367)
2024-01-27 02:33:48,156 - INFO:  - MTLCompilerService (PID: 85368)
2024-01-27 02:33:48,156 - INFO:  - mdworker_shared (PID: 85375)
2024-01-27 02:33:48,157 - INFO:  - mdworker_shared (PID: 85376)
2024-01-27 02:33:48,157 - INFO:  - AXVisualSupportAgent (PID: 85377)
2024-01-27 02:33:48,157 - INFO:  - mdworker_shared (PID: 85379)
2024-01-27 02:33:48,157 - INFO:  - Python (PID: 85390)
2024-01-27 02:33:48,157 - INFO: System Health Monitoring Script completed.
2024-01-27 02:34:22,988 - INFO: System Health Monitoring Script started.
2024-01-27 02:34:23,993 - INFO: CPU Usage: 4.8%
2024-01-27 02:34:23,993 - INFO: Memory Usage: 83.8%
2024-01-27 02:34:23,993 - WARNING: High Memory Usage! Current usage: 83.8%
2024-01-27 02:34:23,993 - INFO: Disk Space Usage: 41.9%
2024-01-27 02:34:23,993 - INFO: Running Processes:
2024-01-27 02:34:23,994 - INFO:  - kernel_task (PID: 0)
2024-01-27 02:34:23,994 - INFO:  - launchd (PID: 1)
2024-01-27 02:34:23,994 - INFO:  - logd (PID: 303)
2024-01-27 02:34:23,994 - INFO:  - UserEventAgent (PID: 305)
2024-01-27 02:34:23,994 - INFO:  - uninstalld (PID: 307)
2024-01-27 02:34:23,994 - INFO:  - fseventsd (PID: 308)
2024-01-27 02:34:23,994 - INFO:  - mediaremoted (PID: 309)
2024-01-27 02:34:23,994 - INFO:  - systemstats (PID: 312)
2024-01-27 02:34:23,994 - INFO:  - configd (PID: 315)
2024-01-27 02:34:23,994 - INFO:  - powerd (PID: 317)
2024-01-27 02:34:23,994 - INFO:  - IOMFB_bics_daemo (PID: 318)
2024-01-27 02:34:23,994 - INFO:  - remoted (PID: 323)
2024-01-27 02:34:23,995 - INFO:  - watchdogd (PID: 328)
2024-01-27 02:34:23,995 - INFO:  - mds (PID: 332)
2024-01-27 02:34:23,995 - INFO:  - kernelmanagerd (PID: 334)
2024-01-27 02:34:23,995 - INFO:  - diskarbitrationd (PID: 335)
2024-01-27 02:34:23,995 - INFO:  - syslogd (PID: 339)
2024-01-27 02:34:23,995 - INFO:  - thermalmonitord (PID: 342)
2024-01-27 02:34:23,995 - INFO:  - opendirectoryd (PID: 343)
2024-01-27 02:34:23,995 - INFO:  - apsd (PID: 344)
2024-01-27 02:34:23,995 - INFO:  - launchservicesd (PID: 345)
2024-01-27 02:34:23,995 - INFO:  - timed (PID: 346)
2024-01-27 02:34:23,995 - INFO:  - usbmuxd (PID: 347)
2024-01-27 02:34:23,995 - INFO:  - securityd (PID: 348)
2024-01-27 02:34:23,995 - INFO:  - locationd (PID: 350)
2024-01-27 02:34:23,995 - INFO:  - autofsd (PID: 352)
2024-01-27 02:34:23,995 - INFO:  - dasd (PID: 353)
2024-01-27 02:34:23,995 - INFO:  - kdc (PID: 354)
2024-01-27 02:34:23,995 - INFO:  - distnoted (PID: 356)
2024-01-27 02:34:23,995 - INFO:  - logind (PID: 360)
2024-01-27 02:34:23,995 - INFO:  - revisiond (PID: 361)
2024-01-27 02:34:23,995 - INFO:  - KernelEventAgent (PID: 362)
2024-01-27 02:34:23,995 - INFO:  - bluetoothd (PID: 365)
2024-01-27 02:34:23,995 - INFO:  - notifyd (PID: 366)
2024-01-27 02:34:23,995 - INFO:  - corebrightnessd (PID: 368)
2024-01-27 02:34:23,995 - INFO:  - AirPlayXPCHelper (PID: 369)
2024-01-27 02:34:23,995 - INFO:  - com.apple.cmio.r (PID: 370)
2024-01-27 02:34:23,995 - INFO:  - WindowServer (PID: 372)
2024-01-27 02:34:23,995 - INFO:  - cfprefsd (PID: 373)
2024-01-27 02:34:23,995 - INFO:  - tccd (PID: 374)
2024-01-27 02:34:23,995 - INFO:  - loginwindow (PID: 375)
2024-01-27 02:34:23,995 - INFO:  - runningboardd (PID: 377)
2024-01-27 02:34:23,996 - INFO:  - contextstored (PID: 379)
2024-01-27 02:34:23,996 - INFO:  - coreservicesd (PID: 382)
2024-01-27 02:34:23,996 - INFO:  - lsd (PID: 386)
2024-01-27 02:34:23,996 - INFO:  - trustd (PID: 407)
2024-01-27 02:34:23,996 - INFO:  - airportd (PID: 409)
2024-01-27 02:34:23,996 - INFO:  - analyticsd (PID: 410)
2024-01-27 02:34:23,996 - INFO:  - nsurlsessiond (PID: 416)
2024-01-27 02:34:23,996 - INFO:  - apfsd (PID: 418)
2024-01-27 02:34:23,996 - INFO:  - coreaudiod (PID: 419)
2024-01-27 02:34:23,996 - INFO:  - distnoted (PID: 421)
2024-01-27 02:34:23,996 - INFO:  - mDNSResponder (PID: 426)
2024-01-27 02:34:23,996 - INFO:  - symptomsd (PID: 427)
2024-01-27 02:34:23,996 - INFO:  - systemstatusd (PID: 435)
2024-01-27 02:34:23,996 - INFO:  - authd (PID: 438)
2024-01-27 02:34:23,996 - INFO:  - distnoted (PID: 439)
2024-01-27 02:34:23,996 - INFO:  - distnoted (PID: 443)
2024-01-27 02:34:23,996 - INFO:  - mDNSResponderHel (PID: 444)
2024-01-27 02:34:23,996 - INFO:  - storagekitd (PID: 458)
2024-01-27 02:34:23,996 - INFO:  - distnoted (PID: 462)
2024-01-27 02:34:23,996 - INFO:  - syspolicyd (PID: 467)
2024-01-27 02:34:23,996 - INFO:  - audioclocksyncd (PID: 481)
2024-01-27 02:34:23,996 - INFO:  - appleh13camerad (PID: 498)
2024-01-27 02:34:23,996 - INFO:  - UVCAssistant (PID: 499)
2024-01-27 02:34:23,996 - INFO:  - appleeventsd (PID: 501)
2024-01-27 02:34:23,996 - INFO:  - com.apple.Driver (PID: 502)
2024-01-27 02:34:23,996 - INFO:  - com.apple.AppleU (PID: 504)
2024-01-27 02:34:23,996 - INFO:  - distnoted (PID: 517)
2024-01-27 02:34:23,996 - INFO:  - com.docker.vmnet (PID: 520)
2024-01-27 02:34:23,996 - INFO:  - distnoted (PID: 522)
2024-01-27 02:34:23,996 - INFO:  - mds_stores (PID: 533)
2024-01-27 02:34:23,996 - INFO:  - searchpartyd (PID: 538)
2024-01-27 02:34:23,997 - INFO:  - coreauthd (PID: 543)
2024-01-27 02:34:23,997 - INFO:  - distnoted (PID: 545)
2024-01-27 02:34:23,997 - INFO:  - cfprefsd (PID: 547)
2024-01-27 02:34:23,997 - INFO:  - securityd_servic (PID: 548)
2024-01-27 02:34:23,997 - INFO:  - wifianalyticsd (PID: 549)
2024-01-27 02:34:23,997 - INFO:  - distnoted (PID: 554)
2024-01-27 02:34:23,997 - INFO:  - UserEventAgent (PID: 558)
2024-01-27 02:34:23,997 - INFO:  - gamecontrollerd (PID: 559)
2024-01-27 02:34:23,997 - INFO:  - universalaccessd (PID: 564)
2024-01-27 02:34:23,997 - INFO:  - lsd (PID: 565)
2024-01-27 02:34:23,997 - INFO:  - WindowManager (PID: 566)
2024-01-27 02:34:23,997 - INFO:  - lockoutagent (PID: 576)
2024-01-27 02:34:23,997 - INFO:  - nsurlsessiond (PID: 578)
2024-01-27 02:34:23,997 - INFO:  - usernoted (PID: 579)
2024-01-27 02:34:23,997 - INFO:  - secd (PID: 581)
2024-01-27 02:34:23,997 - INFO:  - rapportd (PID: 585)
2024-01-27 02:34:23,997 - INFO:  - pboard (PID: 590)
2024-01-27 02:34:23,997 - INFO:  - distnoted (PID: 592)
2024-01-27 02:34:23,997 - INFO:  - usernotificationsd (PID: 593)
2024-01-27 02:34:23,997 - INFO:  - trustd (PID: 596)
2024-01-27 02:34:23,997 - INFO:  - identityservicesd (PID: 601)
2024-01-27 02:34:23,997 - INFO:  - NotificationCenter (PID: 602)
2024-01-27 02:34:23,997 - INFO:  - accountsd (PID: 605)
2024-01-27 02:34:23,997 - INFO:  - WiFiAgent (PID: 607)
2024-01-27 02:34:23,997 - INFO:  - Safari (PID: 625)
2024-01-27 02:34:23,997 - INFO:  - Notes (PID: 628)
2024-01-27 02:34:23,997 - INFO:  - aned (PID: 631)
2024-01-27 02:34:23,997 - INFO:  - awdd (PID: 636)
2024-01-27 02:34:23,997 - INFO:  - sharingd (PID: 641)
2024-01-27 02:34:23,997 - INFO:  - ViewBridgeAuxiliary (PID: 645)
2024-01-27 02:34:23,997 - INFO:  - familycircled (PID: 646)
2024-01-27 02:34:23,997 - INFO:  - ContinuityCaptureAgent (PID: 648)
2024-01-27 02:34:23,998 - INFO:  - sharedfilelistd (PID: 650)
2024-01-27 02:34:23,998 - INFO:  - StatusKitAgent (PID: 651)
2024-01-27 02:34:23,998 - INFO:  - Google Chrome (PID: 655)
2024-01-27 02:34:23,998 - INFO:  - SubmitDiagInfo (PID: 657)
2024-01-27 02:34:23,998 - INFO:  - Dock (PID: 672)
2024-01-27 02:34:23,998 - INFO:  - ControlCenter (PID: 673)
2024-01-27 02:34:23,998 - INFO:  - fontd (PID: 674)
2024-01-27 02:34:23,998 - INFO:  - SystemUIServer (PID: 675)
2024-01-27 02:34:23,998 - INFO:  - Finder (PID: 676)
2024-01-27 02:34:23,998 - INFO:  - WallpaperAgent (PID: 679)
2024-01-27 02:34:23,998 - INFO:  - fontworker (PID: 680)
2024-01-27 02:34:23,998 - INFO:  - filecoordination (PID: 681)
2024-01-27 02:34:23,998 - INFO:  - automountd (PID: 685)
2024-01-27 02:34:23,998 - INFO:  - fileproviderd (PID: 686)
2024-01-27 02:34:23,998 - INFO:  - AMPDeviceDiscoveryAgent (PID: 687)
2024-01-27 02:34:23,998 - INFO:  - oahd (PID: 699)
2024-01-27 02:34:23,998 - INFO:  - nearbyd (PID: 701)
2024-01-27 02:34:23,998 - INFO:  - gamepolicyd (PID: 704)
2024-01-27 02:34:23,998 - INFO:  - WallpaperImageExtension (PID: 707)
2024-01-27 02:34:23,998 - INFO:  - useractivityd (PID: 714)
2024-01-27 02:34:23,998 - INFO:  - com.apple.dock.extra (PID: 715)
2024-01-27 02:34:23,998 - INFO:  - com.apple.CloudDocs.iCloudDriveFileProvider (PID: 721)
2024-01-27 02:34:23,998 - INFO:  - Spotlight (PID: 722)
2024-01-27 02:34:23,998 - INFO:  - corespotlightd (PID: 725)
2024-01-27 02:34:23,998 - INFO:  - imagent (PID: 732)
2024-01-27 02:34:23,998 - INFO:  - UIKitSystem (PID: 733)
2024-01-27 02:34:23,998 - INFO:  - imklaunchagent (PID: 738)
2024-01-27 02:34:23,998 - INFO:  - CursorUIViewService (PID: 740)
2024-01-27 02:34:23,998 - INFO:  - PAH_Extension (PID: 742)
2024-01-27 02:34:23,998 - INFO:  - CVMServer (PID: 751)
2024-01-27 02:34:23,998 - INFO:  - mediaremoteagent (PID: 752)
2024-01-27 02:34:23,998 - INFO:  - avconferenced (PID: 757)
2024-01-27 02:34:23,999 - INFO:  - storedownloadd (PID: 773)
2024-01-27 02:34:23,999 - INFO:  - fairplayd (PID: 792)
2024-01-27 02:34:23,999 - INFO:  - diagnostics_agent (PID: 794)
2024-01-27 02:34:23,999 - INFO:  - commerce (PID: 797)
2024-01-27 02:34:23,999 - INFO:  - chrome_crashpad_handler (PID: 799)
2024-01-27 02:34:23,999 - INFO:  - mdbulkimport (PID: 800)
2024-01-27 02:34:23,999 - INFO:  - distnoted (PID: 801)
2024-01-27 02:34:23,999 - INFO:  - Google Chrome Helper (GPU) (PID: 805)
2024-01-27 02:34:23,999 - INFO:  - Google Chrome Helper (PID: 806)
2024-01-27 02:34:23,999 - INFO:  - Google Chrome Helper (PID: 807)
2024-01-27 02:34:23,999 - INFO:  - com.apple.Safari.History (PID: 809)
2024-01-27 02:34:23,999 - INFO:  - mdwrite (PID: 851)
2024-01-27 02:34:23,999 - INFO:  - passd (PID: 856)
2024-01-27 02:34:23,999 - INFO:  - icdd (PID: 866)
2024-01-27 02:34:23,999 - INFO:  - com.apple.WebKit.Networking (PID: 888)
2024-01-27 02:34:23,999 - INFO:  - 7. Video (PID: 890)
2024-01-27 02:34:23,999 - INFO:  - PasswordBreachAgent (PID: 913)
2024-01-27 02:34:23,999 - INFO:  - com.apple.WebKit.WebContent (PID: 932)
2024-01-27 02:34:23,999 - INFO:  - webinspectord (PID: 934)
2024-01-27 02:34:23,999 - INFO:  - remotepairingd (PID: 935)
2024-01-27 02:34:23,999 - INFO:  - com.apple.WebKit.GPU (PID: 939)
2024-01-27 02:34:23,999 - INFO:  - com.apple.WebKit.WebContent (PID: 963)
2024-01-27 02:34:23,999 - INFO:  - distnoted (PID: 966)
2024-01-27 02:34:23,999 - INFO:  - com.apple.appkit.xpc.openAndSavePanelService (PID: 972)
2024-01-27 02:34:23,999 - INFO:  - distnoted (PID: 977)
2024-01-27 02:34:23,999 - INFO:  - gamecontrolleragentd (PID: 978)
2024-01-27 02:34:23,999 - INFO:  - distnoted (PID: 982)
2024-01-27 02:34:23,999 - INFO:  - distnoted (PID: 988)
2024-01-27 02:34:23,999 - INFO:  - com.apple.WebKit.WebContent (PID: 995)
2024-01-27 02:34:23,999 - INFO:  - launcher (PID: 1006)
2024-01-27 02:34:23,999 - INFO:  - corespeechd (PID: 1015)
2024-01-27 02:34:23,999 - INFO:  - AirPlayUIAgent (PID: 1025)
2024-01-27 02:34:24,000 - INFO:  - TextInputMenuAgent (PID: 1027)
2024-01-27 02:34:24,000 - INFO:  - ctkahp (PID: 1030)
2024-01-27 02:34:24,000 - INFO:  - Google Drive (PID: 1031)
2024-01-27 02:34:24,000 - INFO:  - systemstats (PID: 1043)
2024-01-27 02:34:24,000 - INFO:  - crashpad_handler (PID: 1073)
2024-01-27 02:34:24,000 - INFO:  - ptpcamerad (PID: 1087)
2024-01-27 02:34:24,000 - INFO:  - universalAccessAuthWarn (PID: 1153)
2024-01-27 02:34:24,000 - INFO:  - mdbulkimport (PID: 1204)
2024-01-27 02:34:24,000 - INFO:  - CrashReporterSup (PID: 1309)
2024-01-27 02:34:24,000 - INFO:  - distnoted (PID: 1479)
2024-01-27 02:34:24,000 - INFO:  - seserviced (PID: 1519)
2024-01-27 02:34:24,000 - INFO:  - fbahelperd (PID: 1537)
2024-01-27 02:34:24,000 - INFO:  - com.apple.Safari.SearchHelper (PID: 2054)
2024-01-27 02:34:24,000 - INFO:  - Shortcuts Events (PID: 2121)
2024-01-27 02:34:24,000 - INFO:  - taskgated (PID: 2401)
2024-01-27 02:34:24,000 - INFO:  - Google Chrome Helper (PID: 2787)
2024-01-27 02:34:24,000 - INFO:  - com.apple.appkit.xpc.openAndSavePanelService (PID: 3778)
2024-01-27 02:34:24,000 - INFO:  - CopyClip (PID: 5069)
2024-01-27 02:34:24,000 - INFO:  - storeaccountd (PID: 5244)
2024-01-27 02:34:24,000 - INFO:  - searchpartyuseragent (PID: 5246)
2024-01-27 02:34:24,000 - INFO:  - IMAutomaticHistoryDeletionAgent (PID: 5569)
2024-01-27 02:34:24,000 - INFO:  - PowerChime (PID: 7162)
2024-01-27 02:34:24,000 - INFO:  - logd_reporter (PID: 7490)
2024-01-27 02:34:24,000 - INFO:  - distnoted (PID: 7507)
2024-01-27 02:34:24,000 - INFO:  - Terminal (PID: 10154)
2024-01-27 02:34:24,000 - INFO:  - distnoted (PID: 12681)
2024-01-27 02:34:24,000 - INFO:  - ctkahp (PID: 12848)
2024-01-27 02:34:24,000 - INFO:  - launcher (PID: 16327)
2024-01-27 02:34:24,000 - INFO:  - Google Chrome Helper (Renderer) (PID: 19373)
2024-01-27 02:34:24,001 - INFO:  - Google Chrome Helper (Renderer) (PID: 22760)
2024-01-27 02:34:24,001 - INFO:  - launcher (PID: 26775)
2024-01-27 02:34:24,001 - INFO:  - com.apple.WebKit.WebContent (PID: 28061)
2024-01-27 02:34:24,001 - INFO:  - com.apple.WebKit.WebContent (PID: 28073)
2024-01-27 02:34:24,001 - INFO:  - com.apple.WebKit.WebContent (PID: 28075)
2024-01-27 02:34:24,001 - INFO:  - com.apple.Safari.SandboxBroker (PID: 29084)
2024-01-27 02:34:24,001 - INFO:  - garcon (PID: 29495)
2024-01-27 02:34:24,001 - INFO:  - garcon (PID: 29497)
2024-01-27 02:34:24,001 - INFO:  - garcon (PID: 29498)
2024-01-27 02:34:24,001 - INFO:  - storeuid (PID: 30128)
2024-01-27 02:34:24,001 - INFO:  - Preview (PID: 34357)
2024-01-27 02:34:24,001 - INFO:  - mscamerad-xpc (PID: 34362)
2024-01-27 02:34:24,001 - INFO:  - mbuseragent (PID: 34823)
2024-01-27 02:34:24,001 - INFO:  - MathWorksServiceHost (PID: 35786)
2024-01-27 02:34:24,001 - INFO:  - MSHHealthMonitor (PID: 35804)
2024-01-27 02:34:24,001 - INFO:  - ShareSheetUI (PID: 35810)
2024-01-27 02:34:24,001 - INFO:  - Messages (PID: 35817)
2024-01-27 02:34:24,001 - INFO:  - Google Chrome Helper (Renderer) (PID: 37646)
2024-01-27 02:34:24,001 - INFO:  - com.apple.WebKit.WebContent (PID: 37692)
2024-01-27 02:34:24,001 - INFO:  - Google Chrome Helper (Renderer) (PID: 38181)
2024-01-27 02:34:24,001 - INFO:  - Family (PID: 38278)
2024-01-27 02:34:24,001 - INFO:  - hdiejectd (PID: 38828)
2024-01-27 02:34:24,001 - INFO:  - diskimages-helper (PID: 38830)
2024-01-27 02:34:24,001 - INFO:  - com.apple.WebKit.WebContent (PID: 38913)
2024-01-27 02:34:24,001 - INFO:  - com.docker.backend (PID: 38966)
2024-01-27 02:34:24,001 - INFO:  - com.docker.dev-envs (PID: 38975)
2024-01-27 02:34:24,001 - INFO:  - com.docker.build (PID: 38976)
2024-01-27 02:34:24,001 - INFO:  - docker (PID: 38977)
2024-01-27 02:34:24,001 - INFO:  - com.docker.extensions (PID: 38978)
2024-01-27 02:34:24,001 - INFO:  - Docker Desktop (PID: 39027)
2024-01-27 02:34:24,001 - INFO:  - Docker Desktop Helper (GPU) (PID: 39028)
2024-01-27 02:34:24,002 - INFO:  - Docker Desktop Helper (PID: 39029)
2024-01-27 02:34:24,002 - INFO:  - com.apple.WebKit.WebContent (PID: 39098)
2024-01-27 02:34:24,002 - INFO:  - Google Chrome Helper (Renderer) (PID: 39676)
2024-01-27 02:34:24,002 - INFO:  - com.apple.WebKit.WebContent (PID: 39831)
2024-01-27 02:34:24,002 - INFO:  - Google Chrome Helper (Renderer) (PID: 40277)
2024-01-27 02:34:24,002 - INFO:  - Electron (PID: 41126)
2024-01-27 02:34:24,002 - INFO:  - chrome_crashpad_handler (PID: 41128)
2024-01-27 02:34:24,002 - INFO:  - Code Helper (GPU) (PID: 41129)
2024-01-27 02:34:24,002 - INFO:  - Code Helper (PID: 41130)
2024-01-27 02:34:24,002 - INFO:  - Code Helper (PID: 41142)
2024-01-27 02:34:24,002 - INFO:  - Code Helper (PID: 41167)
2024-01-27 02:34:24,002 - INFO:  - DiskUnmountWatcher (PID: 45024)
2024-01-27 02:34:24,002 - INFO:  - crashpad_handler (PID: 45036)
2024-01-27 02:34:24,002 - INFO:  - crashpad_handler (PID: 45078)
2024-01-27 02:34:24,002 - INFO:  - Google Drive (PID: 45079)
2024-01-27 02:34:24,002 - INFO:  - Google Drive Helper (GPU) (PID: 45085)
2024-01-27 02:34:24,002 - INFO:  - Google Drive Helper (PID: 45086)
2024-01-27 02:34:24,002 - INFO:  - Google Drive Helper (PID: 45087)
2024-01-27 02:34:24,002 - INFO:  - Google Drive Helper (Renderer) (PID: 45088)
2024-01-27 02:34:24,002 - INFO:  - Google Drive Helper (Renderer) (PID: 45089)
2024-01-27 02:34:24,002 - INFO:  - mscamerad-xpc (PID: 45090)
2024-01-27 02:34:24,002 - INFO:  - FinderSyncExtension (PID: 45094)
2024-01-27 02:34:24,002 - INFO:  - FinderSyncExtension (PID: 45095)
2024-01-27 02:34:24,002 - INFO:  - FinderSyncExtension (PID: 45096)
2024-01-27 02:34:24,002 - INFO:  - appstorecomponentsd (PID: 49583)
2024-01-27 02:34:24,002 - INFO:  - com.apple.Safari.SafeBrowsing.Service (PID: 51323)
2024-01-27 02:34:24,003 - INFO:  - containermanagerd (PID: 51400)
2024-01-27 02:34:24,003 - INFO:  - AppleSpell (PID: 51484)
2024-01-27 02:34:24,003 - INFO:  - siriactionsd (PID: 51556)
2024-01-27 02:34:24,003 - INFO:  - com.apple.WebKit.WebContent (PID: 51992)
2024-01-27 02:34:24,003 - INFO:  - com.apple.WebKit.WebContent (PID: 51993)
2024-01-27 02:34:24,003 - INFO:  - ContextStoreAgent (PID: 54648)
2024-01-27 02:34:24,003 - INFO:  - com.apple.CodeSi (PID: 55859)
2024-01-27 02:34:24,003 - INFO:  - WhatsApp (PID: 56964)
2024-01-27 02:34:24,003 - INFO:  - WhatsApp (PID: 56965)
2024-01-27 02:34:24,003 - INFO:  - TextEdit (PID: 57043)
2024-01-27 02:34:24,003 - INFO:  - com.apple.appkit.xpc.openAndSavePanelService (PID: 57046)
2024-01-27 02:34:24,003 - INFO:  - garcon (PID: 57433)
2024-01-27 02:34:24,003 - INFO:  - FinderSyncExtension (PID: 57434)
2024-01-27 02:34:24,003 - INFO:  - sysmond (PID: 57562)
2024-01-27 02:34:24,003 - INFO:  - bird (PID: 57568)
2024-01-27 02:34:24,003 - INFO:  - Google Chrome Helper (Renderer) (PID: 59360)
2024-01-27 02:34:24,003 - INFO:  - Activity Monitor (PID: 60032)
2024-01-27 02:34:24,003 - INFO:  - audioanalyticsd (PID: 62607)
2024-01-27 02:34:24,003 - INFO:  - netbiosd (PID: 62725)
2024-01-27 02:34:24,003 - INFO:  - PerfPowerService (PID: 64810)
2024-01-27 02:34:24,003 - INFO:  - Teams (PID: 65606)
2024-01-27 02:34:24,003 - INFO:  - sharedfilelistd (PID: 65608)
2024-01-27 02:34:24,003 - INFO:  - chrome_crashpad_handler (PID: 65674)
2024-01-27 02:34:24,003 - INFO:  - Microsoft Teams classic Helper (GPU) (PID: 65675)
2024-01-27 02:34:24,003 - INFO:  - Microsoft Teams classic Helper (PID: 65676)
2024-01-27 02:34:24,003 - INFO:  - Microsoft Teams classic Helper (Renderer) (PID: 65680)
2024-01-27 02:34:24,003 - INFO:  - Microsoft Teams classic Helper (PID: 65684)
2024-01-27 02:34:24,003 - INFO:  - Microsoft Teams classic Helper (Renderer) (PID: 65685)
2024-01-27 02:34:24,003 - INFO:  - Microsoft Teams classic Helper (Renderer) (PID: 65694)
2024-01-27 02:34:24,003 - INFO:  - Microsoft Teams classic Helper (Renderer) (PID: 65695)
2024-01-27 02:34:24,004 - INFO:  - assistantd (PID: 65949)
2024-01-27 02:34:24,004 - INFO:  - distnoted (PID: 65958)
2024-01-27 02:34:24,004 - INFO:  - lsd (PID: 65959)
2024-01-27 02:34:24,004 - INFO:  - syncdefaultsd (PID: 66994)
2024-01-27 02:34:24,004 - INFO:  - sandboxd (PID: 67120)
2024-01-27 02:34:24,004 - INFO:  - SafariBookmarksSyncAgent (PID: 73428)
2024-01-27 02:34:24,004 - INFO:  - suggestd (PID: 73447)
2024-01-27 02:34:24,004 - INFO:  - com.apple.hiservices-xpcservice (PID: 73963)
2024-01-27 02:34:24,004 - INFO:  - parsecd (PID: 78324)
2024-01-27 02:34:24,004 - INFO:  - contentlinkingd (PID: 80485)
2024-01-27 02:34:24,004 - INFO:  - mobileassetd (PID: 80515)
2024-01-27 02:34:24,004 - INFO:  - backupd (PID: 80521)
2024-01-27 02:34:24,004 - INFO:  - coresymbolicatio (PID: 80525)
2024-01-27 02:34:24,004 - INFO:  - ScreenTimeAgent (PID: 80634)
2024-01-27 02:34:24,004 - INFO:  - chronod (PID: 81268)
2024-01-27 02:34:24,004 - INFO:  - Google Chrome Helper (PID: 81522)
2024-01-27 02:34:24,004 - INFO:  - LocalAuthenticationRemoteService (PID: 81566)
2024-01-27 02:34:24,004 - INFO:  - nehelper (PID: 81569)
2024-01-27 02:34:24,004 - INFO:  - com.apple.WebKit.WebContent (PID: 81571)
2024-01-27 02:34:24,004 - INFO:  - Siri (PID: 81573)
2024-01-27 02:34:24,004 - INFO:  - callservicesd (PID: 81581)
2024-01-27 02:34:24,004 - INFO:  - BiomeAgent (PID: 81601)
2024-01-27 02:34:24,004 - INFO:  - SiriNCService (PID: 81603)
2024-01-27 02:34:24,004 - INFO:  - routined (PID: 82101)
2024-01-27 02:34:24,004 - INFO:  - com.apple.WebKit.WebContent (PID: 82475)
2024-01-27 02:34:24,004 - INFO:  - proactived (PID: 82486)
2024-01-27 02:34:24,004 - INFO:  - com.apple.WebKit.WebContent (PID: 82530)
2024-01-27 02:34:24,004 - INFO:  - biomed (PID: 83463)
2024-01-27 02:34:24,004 - INFO:  - cloudd (PID: 83468)
2024-01-27 02:34:24,004 - INFO:  - tccd (PID: 83469)
2024-01-27 02:34:24,004 - INFO:  - neagent (PID: 83476)
2024-01-27 02:34:24,004 - INFO:  - akd (PID: 83477)
2024-01-27 02:34:24,004 - INFO:  - adid (PID: 83478)
2024-01-27 02:34:24,005 - INFO:  - com.apple.Accoun (PID: 83479)
2024-01-27 02:34:24,005 - INFO:  - rtcreportingd (PID: 83480)
2024-01-27 02:34:24,005 - INFO:  - contactsd (PID: 83508)
2024-01-27 02:34:24,005 - INFO:  - audiomxd (PID: 83515)
2024-01-27 02:34:24,005 - INFO:  - CoreServicesUIAgent (PID: 83529)
2024-01-27 02:34:24,005 - INFO:  - XprotectService (PID: 83530)
2024-01-27 02:34:24,005 - INFO:  - wifip2pd (PID: 83541)
2024-01-27 02:34:24,005 - INFO:  - com.apple.WebKit.WebContent (PID: 83622)
2024-01-27 02:34:24,005 - INFO:  - pbs (PID: 83647)
2024-01-27 02:34:24,005 - INFO:  - systemsoundserve (PID: 83660)
2024-01-27 02:34:24,005 - INFO:  - biomesyncd (PID: 83990)
2024-01-27 02:34:24,005 - INFO:  - CommCenter (PID: 84082)
2024-01-27 02:34:24,005 - INFO:  - com.apple.audio. (PID: 84101)
2024-01-27 02:34:24,005 - INFO:  - containermanager (PID: 84103)
2024-01-27 02:34:24,005 - INFO:  - audioaccessoryd (PID: 84119)
2024-01-27 02:34:24,005 - INFO:  - intelligentroutingd (PID: 84122)
2024-01-27 02:34:24,005 - INFO:  - coreauthd (PID: 84137)
2024-01-27 02:34:24,005 - INFO:  - maild (PID: 84138)
2024-01-27 02:34:24,005 - INFO:  - biometrickitd (PID: 84139)
2024-01-27 02:34:24,005 - INFO:  - Keychain Circle Notification (PID: 84140)
2024-01-27 02:34:24,005 - INFO:  - cdpd (PID: 84141)
2024-01-27 02:34:24,005 - INFO:  - replayd (PID: 84142)
2024-01-27 02:34:24,005 - INFO:  - swcd (PID: 84144)
2024-01-27 02:34:24,005 - INFO:  - ospredictiond (PID: 84145)
2024-01-27 02:34:24,005 - INFO:  - triald (PID: 84146)
2024-01-27 02:34:24,005 - INFO:  - osanalyticshelpe (PID: 84147)
2024-01-27 02:34:24,005 - INFO:  - idleassetsd (PID: 84149)
2024-01-27 02:34:24,005 - INFO:  - WirelessRadioMan (PID: 84150)
2024-01-27 02:34:24,005 - INFO:  - online-auth-agen (PID: 84154)
2024-01-27 02:34:24,005 - INFO:  - coreduetd (PID: 84156)
2024-01-27 02:34:24,005 - INFO:  - knowledge-agent (PID: 84157)
2024-01-27 02:34:24,005 - INFO:  - securityd_system (PID: 84158)
2024-01-27 02:34:24,005 - INFO:  - calaccessd (PID: 84159)
2024-01-27 02:34:24,005 - INFO:  - CoreLocationAgent (PID: 84160)
2024-01-27 02:34:24,006 - INFO:  - remindd (PID: 84161)
2024-01-27 02:34:24,006 - INFO:  - com.apple.WebKit.WebContent (PID: 84165)
2024-01-27 02:34:24,006 - INFO:  - com.apple.accessibility.mediaaccessibilityd (PID: 84166)
2024-01-27 02:34:24,006 - INFO:  - AudioComponentRegistrar (PID: 84167)
2024-01-27 02:34:24,006 - INFO:  - pkd (PID: 84168)
2024-01-27 02:34:24,006 - INFO:  - CarbonComponentScannerXPC (PID: 84169)
2024-01-27 02:34:24,006 - INFO:  - iconservicesagent (PID: 84170)
2024-01-27 02:34:24,006 - INFO:  - iconservicesd (PID: 84171)
2024-01-27 02:34:24,006 - INFO:  - com.apple.SiriTTSService.TrialProxy (PID: 84192)
2024-01-27 02:34:24,006 - INFO:  - MTLCompilerService (PID: 84198)
2024-01-27 02:34:24,006 - INFO:  - MTLCompilerService (PID: 84199)
2024-01-27 02:34:24,006 - INFO:  - powerdatad (PID: 84267)
2024-01-27 02:34:24,006 - INFO:  - backupd-helper (PID: 84268)
2024-01-27 02:34:24,006 - INFO:  - dmd (PID: 84301)
2024-01-27 02:34:24,006 - INFO:  - translationd (PID: 84302)
2024-01-27 02:34:24,006 - INFO:  - ManagedSettingsAgent (PID: 84303)
2024-01-27 02:34:24,006 - INFO:  - ContextService (PID: 84307)
2024-01-27 02:34:24,006 - INFO:  - AssetCacheLocatorService (PID: 84308)
2024-01-27 02:34:24,006 - INFO:  - PlugInLibraryService (PID: 84331)
2024-01-27 02:34:24,006 - INFO:  - dataaccessd (PID: 84337)
2024-01-27 02:34:24,006 - INFO:  - peopled (PID: 84338)
2024-01-27 02:34:24,006 - INFO:  - donotdisturbd (PID: 84339)
2024-01-27 02:34:24,006 - INFO:  - extensionkitservice (PID: 84340)
2024-01-27 02:34:24,006 - INFO:  - CalendarWidgetExtension (PID: 84341)
2024-01-27 02:34:24,006 - INFO:  - secinitd (PID: 84342)
2024-01-27 02:34:24,006 - INFO:  - fmfd (PID: 84346)
2024-01-27 02:34:24,006 - INFO:  - usermanagerd (PID: 84347)
2024-01-27 02:34:24,006 - INFO:  - com.apple.geod (PID: 84348)
2024-01-27 02:34:24,006 - INFO:  - com.apple.geod (PID: 84353)
2024-01-27 02:34:24,006 - INFO:  - com.apple.geod (PID: 84354)
2024-01-27 02:34:24,006 - INFO:  - com.apple.geod (PID: 84355)
2024-01-27 02:34:24,006 - INFO:  - secinitd (PID: 84356)
2024-01-27 02:34:24,006 - INFO:  - secinitd (PID: 84357)
2024-01-27 02:34:24,007 - INFO:  - secinitd (PID: 84358)
2024-01-27 02:34:24,007 - INFO:  - cfprefsd (PID: 84359)
2024-01-27 02:34:24,007 - INFO:  - trustd (PID: 84360)
2024-01-27 02:34:24,007 - INFO:  - trustdFileHelper (PID: 84361)
2024-01-27 02:34:24,007 - INFO:  - cfprefsd (PID: 84362)
2024-01-27 02:34:24,007 - INFO:  - containermanager (PID: 84363)
2024-01-27 02:34:24,007 - INFO:  - containermanager (PID: 84370)
2024-01-27 02:34:24,007 - INFO:  - trustd (PID: 84373)
2024-01-27 02:34:24,007 - INFO:  - CMFSyncAgent (PID: 84378)
2024-01-27 02:34:24,007 - INFO:  - containermanager (PID: 84379)
2024-01-27 02:34:24,007 - INFO:  - ScopedBookmarkAgent (PID: 84397)
2024-01-27 02:34:24,007 - INFO:  - amfid (PID: 84399)
2024-01-27 02:34:24,007 - INFO:  - ThemeWidgetControlViewService (PID: 84409)
2024-01-27 02:34:24,007 - INFO:  - ScreenTimeWidgetExtension (PID: 84477)
2024-01-27 02:34:24,007 - INFO:  - UsageTrackingAgent (PID: 84478)
2024-01-27 02:34:24,007 - INFO:  - CategoriesService (PID: 84479)
2024-01-27 02:34:24,007 - INFO:  - parsec-fbf (PID: 84507)
2024-01-27 02:34:24,007 - INFO:  - Code Helper (Renderer) (PID: 84706)
2024-01-27 02:34:24,007 - INFO:  - Code Helper (Plugin) (PID: 84708)
2024-01-27 02:34:24,007 - INFO:  - Code Helper (PID: 84709)
2024-01-27 02:34:24,007 - INFO:  - Code Helper (Plugin) (PID: 84710)
2024-01-27 02:34:24,007 - INFO:  - com.apple.WebKit.WebContent (PID: 84746)
2024-01-27 02:34:24,007 - INFO:  - MTLCompilerService (PID: 84747)
2024-01-27 02:34:24,007 - INFO:  - reversetemplated (PID: 84748)
2024-01-27 02:34:24,007 - INFO:  - MTLCompilerService (PID: 84751)
2024-01-27 02:34:24,007 - INFO:  - IntelligencePlatformComputeService (PID: 85005)
2024-01-27 02:34:24,007 - INFO:  - com.apple.quicklook.ThumbnailsAgent (PID: 85061)
2024-01-27 02:34:24,007 - INFO:  - CGPDFService (PID: 85062)
2024-01-27 02:34:24,007 - INFO:  - QuickLookSatellite (PID: 85063)
2024-01-27 02:34:24,007 - INFO:  - VTDecoderXPCService (PID: 85064)
2024-01-27 02:34:24,007 - INFO:  - CSExattrCryptoService (PID: 85065)
2024-01-27 02:34:24,007 - INFO:  - mediaanalysisd (PID: 85066)
2024-01-27 02:34:24,008 - INFO:  - naturallanguaged (PID: 85079)
2024-01-27 02:34:24,008 - INFO:  - Google Chrome Helper (Renderer) (PID: 85101)
2024-01-27 02:34:24,008 - INFO:  - Google Chrome Helper (Renderer) (PID: 85110)
2024-01-27 02:34:24,008 - INFO:  - VTDecoderXPCService (PID: 85113)
2024-01-27 02:34:24,008 - INFO:  - csnameddatad (PID: 85116)
2024-01-27 02:34:24,008 - INFO:  - LensOCR (PID: 85117)
2024-01-27 02:34:24,008 - INFO:  - storekitagent (PID: 85118)
2024-01-27 02:34:24,008 - INFO:  - amsaccountsd (PID: 85119)
2024-01-27 02:34:24,008 - INFO:  - amsengagementd (PID: 85120)
2024-01-27 02:34:24,008 - INFO:  - networkserviceproxy (PID: 85132)
2024-01-27 02:34:24,008 - INFO:  - Google Chrome Helper (Renderer) (PID: 85148)
2024-01-27 02:34:24,008 - INFO:  - Google Chrome Helper (Renderer) (PID: 85151)
2024-01-27 02:34:24,008 - INFO:  - Google Chrome Helper (Renderer) (PID: 85167)
2024-01-27 02:34:24,008 - INFO:  - Google Chrome Helper (Renderer) (PID: 85168)
2024-01-27 02:34:24,008 - INFO:  - WeatherWidget (PID: 85200)
2024-01-27 02:34:24,008 - INFO:  - intents_helper (PID: 85230)
2024-01-27 02:34:24,008 - INFO:  - CSExattrCryptoService (PID: 85254)
2024-01-27 02:34:24,008 - INFO:  - ThumbnailExtension_macOS (PID: 85255)
2024-01-27 02:34:24,008 - INFO:  - Code Helper (Renderer) (PID: 85261)
2024-01-27 02:34:24,008 - INFO:  - Code Helper (PID: 85262)
2024-01-27 02:34:24,008 - INFO:  - Code Helper (Plugin) (PID: 85263)
2024-01-27 02:34:24,008 - INFO:  - mdworker_shared (PID: 85280)
2024-01-27 02:34:24,008 - INFO:  - zsh (PID: 85283)
2024-01-27 02:34:24,008 - INFO:  - Code Helper (Plugin) (PID: 85310)
2024-01-27 02:34:24,008 - INFO:  - Python (PID: 85313)
2024-01-27 02:34:24,008 - INFO:  - Code Helper (Plugin) (PID: 85339)
2024-01-27 02:34:24,008 - INFO:  - mdworker_shared (PID: 85354)
2024-01-27 02:34:24,008 - INFO:  - mdworker_shared (PID: 85359)
2024-01-27 02:34:24,008 - INFO:  - MTLCompilerService (PID: 85368)
2024-01-27 02:34:24,008 - INFO:  - mdworker_shared (PID: 85375)
2024-01-27 02:34:24,008 - INFO:  - AXVisualSupportAgent (PID: 85377)
2024-01-27 02:34:24,009 - INFO:  - mdworker_shared (PID: 85379)
2024-01-27 02:34:24,009 - INFO:  - logd_helper (PID: 85406)
2024-01-27 02:34:24,009 - INFO:  - mdworker_shared (PID: 85410)
2024-01-27 02:34:24,009 - INFO:  - mdworker_shared (PID: 85411)
2024-01-27 02:34:24,009 - INFO:  - mdworker_shared (PID: 85412)
2024-01-27 02:34:24,009 - INFO:  - mdworker_shared (PID: 85413)
2024-01-27 02:34:24,009 - INFO:  - mdworker_shared (PID: 85414)
2024-01-27 02:34:24,009 - INFO:  - mdworker_shared (PID: 85415)
2024-01-27 02:34:24,009 - INFO:  - Python (PID: 85417)
2024-01-27 02:34:24,009 - INFO: System Health Monitoring Script completed.
2024-01-27 02:35:27,412 - INFO: System Health Monitoring Script started.
2024-01-27 02:35:28,417 - INFO: CPU Usage: 14.4%
2024-01-27 02:35:28,418 - WARNING: High CPU Usage! Current usage: 14.4%
2024-01-27 02:35:28,418 - INFO: Memory Usage: 84.5%
2024-01-27 02:35:28,418 - WARNING: High Memory Usage! Current usage: 84.5%
2024-01-27 02:35:28,418 - INFO: Disk Space Usage: 41.9%
2024-01-27 02:35:28,419 - WARNING: Low Disk Space! Current usage: 41.9%
2024-01-27 02:35:28,419 - INFO: Running Processes:
2024-01-27 02:35:28,421 - INFO:  - kernel_task (PID: 0)
2024-01-27 02:35:28,421 - INFO:  - launchd (PID: 1)
2024-01-27 02:35:28,421 - INFO:  - logd (PID: 303)
2024-01-27 02:35:28,421 - INFO:  - UserEventAgent (PID: 305)
2024-01-27 02:35:28,421 - INFO:  - uninstalld (PID: 307)
2024-01-27 02:35:28,421 - INFO:  - fseventsd (PID: 308)
2024-01-27 02:35:28,421 - INFO:  - mediaremoted (PID: 309)
2024-01-27 02:35:28,421 - INFO:  - systemstats (PID: 312)
2024-01-27 02:35:28,421 - INFO:  - configd (PID: 315)
2024-01-27 02:35:28,421 - INFO:  - powerd (PID: 317)
2024-01-27 02:35:28,421 - INFO:  - IOMFB_bics_daemo (PID: 318)
2024-01-27 02:35:28,422 - INFO:  - remoted (PID: 323)
2024-01-27 02:35:28,422 - INFO:  - watchdogd (PID: 328)
2024-01-27 02:35:28,422 - INFO:  - mds (PID: 332)
2024-01-27 02:35:28,422 - INFO:  - kernelmanagerd (PID: 334)
2024-01-27 02:35:28,422 - INFO:  - diskarbitrationd (PID: 335)
2024-01-27 02:35:28,422 - INFO:  - syslogd (PID: 339)
2024-01-27 02:35:28,422 - INFO:  - thermalmonitord (PID: 342)
2024-01-27 02:35:28,422 - INFO:  - opendirectoryd (PID: 343)
2024-01-27 02:35:28,422 - INFO:  - apsd (PID: 344)
2024-01-27 02:35:28,422 - INFO:  - launchservicesd (PID: 345)
2024-01-27 02:35:28,422 - INFO:  - timed (PID: 346)
2024-01-27 02:35:28,422 - INFO:  - usbmuxd (PID: 347)
2024-01-27 02:35:28,422 - INFO:  - securityd (PID: 348)
2024-01-27 02:35:28,422 - INFO:  - locationd (PID: 350)
2024-01-27 02:35:28,422 - INFO:  - autofsd (PID: 352)
2024-01-27 02:35:28,422 - INFO:  - dasd (PID: 353)
2024-01-27 02:35:28,422 - INFO:  - kdc (PID: 354)
2024-01-27 02:35:28,422 - INFO:  - distnoted (PID: 356)
2024-01-27 02:35:28,422 - INFO:  - logind (PID: 360)
2024-01-27 02:35:28,422 - INFO:  - revisiond (PID: 361)
2024-01-27 02:35:28,422 - INFO:  - KernelEventAgent (PID: 362)
2024-01-27 02:35:28,422 - INFO:  - bluetoothd (PID: 365)
2024-01-27 02:35:28,422 - INFO:  - notifyd (PID: 366)
2024-01-27 02:35:28,422 - INFO:  - corebrightnessd (PID: 368)
2024-01-27 02:35:28,422 - INFO:  - AirPlayXPCHelper (PID: 369)
2024-01-27 02:35:28,422 - INFO:  - com.apple.cmio.r (PID: 370)
2024-01-27 02:35:28,422 - INFO:  - WindowServer (PID: 372)
2024-01-27 02:35:28,422 - INFO:  - cfprefsd (PID: 373)
2024-01-27 02:35:28,423 - INFO:  - tccd (PID: 374)
2024-01-27 02:35:28,423 - INFO:  - loginwindow (PID: 375)
2024-01-27 02:35:28,423 - INFO:  - runningboardd (PID: 377)
2024-01-27 02:35:28,423 - INFO:  - contextstored (PID: 379)
2024-01-27 02:35:28,423 - INFO:  - coreservicesd (PID: 382)
2024-01-27 02:35:28,423 - INFO:  - lsd (PID: 386)
2024-01-27 02:35:28,423 - INFO:  - trustd (PID: 407)
2024-01-27 02:35:28,423 - INFO:  - airportd (PID: 409)
2024-01-27 02:35:28,423 - INFO:  - analyticsd (PID: 410)
2024-01-27 02:35:28,423 - INFO:  - nsurlsessiond (PID: 416)
2024-01-27 02:35:28,423 - INFO:  - apfsd (PID: 418)
2024-01-27 02:35:28,423 - INFO:  - coreaudiod (PID: 419)
2024-01-27 02:35:28,423 - INFO:  - distnoted (PID: 421)
2024-01-27 02:35:28,423 - INFO:  - mDNSResponder (PID: 426)
2024-01-27 02:35:28,423 - INFO:  - symptomsd (PID: 427)
2024-01-27 02:35:28,423 - INFO:  - systemstatusd (PID: 435)
2024-01-27 02:35:28,423 - INFO:  - authd (PID: 438)
2024-01-27 02:35:28,423 - INFO:  - distnoted (PID: 439)
2024-01-27 02:35:28,423 - INFO:  - distnoted (PID: 443)
2024-01-27 02:35:28,423 - INFO:  - mDNSResponderHel (PID: 444)
2024-01-27 02:35:28,423 - INFO:  - storagekitd (PID: 458)
2024-01-27 02:35:28,423 - INFO:  - distnoted (PID: 462)
2024-01-27 02:35:28,423 - INFO:  - syspolicyd (PID: 467)
2024-01-27 02:35:28,423 - INFO:  - audioclocksyncd (PID: 481)
2024-01-27 02:35:28,424 - INFO:  - appleh13camerad (PID: 498)
2024-01-27 02:35:28,424 - INFO:  - UVCAssistant (PID: 499)
2024-01-27 02:35:28,424 - INFO:  - appleeventsd (PID: 501)
2024-01-27 02:35:28,424 - INFO:  - com.apple.Driver (PID: 502)
2024-01-27 02:35:28,424 - INFO:  - com.apple.AppleU (PID: 504)
2024-01-27 02:35:28,424 - INFO:  - distnoted (PID: 517)
2024-01-27 02:35:28,424 - INFO:  - com.docker.vmnet (PID: 520)
2024-01-27 02:35:28,424 - INFO:  - distnoted (PID: 522)
2024-01-27 02:35:28,424 - INFO:  - mds_stores (PID: 533)
2024-01-27 02:35:28,424 - INFO:  - searchpartyd (PID: 538)
2024-01-27 02:35:28,424 - INFO:  - coreauthd (PID: 543)
2024-01-27 02:35:28,424 - INFO:  - distnoted (PID: 545)
2024-01-27 02:35:28,424 - INFO:  - cfprefsd (PID: 547)
2024-01-27 02:35:28,424 - INFO:  - securityd_servic (PID: 548)
2024-01-27 02:35:28,424 - INFO:  - wifianalyticsd (PID: 549)
2024-01-27 02:35:28,424 - INFO:  - distnoted (PID: 554)
2024-01-27 02:35:28,424 - INFO:  - UserEventAgent (PID: 558)
2024-01-27 02:35:28,424 - INFO:  - gamecontrollerd (PID: 559)
2024-01-27 02:35:28,424 - INFO:  - universalaccessd (PID: 564)
2024-01-27 02:35:28,424 - INFO:  - lsd (PID: 565)
2024-01-27 02:35:28,424 - INFO:  - WindowManager (PID: 566)
2024-01-27 02:35:28,424 - INFO:  - lockoutagent (PID: 576)
2024-01-27 02:35:28,424 - INFO:  - nsurlsessiond (PID: 578)
2024-01-27 02:35:28,424 - INFO:  - usernoted (PID: 579)
2024-01-27 02:35:28,424 - INFO:  - secd (PID: 581)
2024-01-27 02:35:28,424 - INFO:  - rapportd (PID: 585)
2024-01-27 02:35:28,424 - INFO:  - pboard (PID: 590)
2024-01-27 02:35:28,424 - INFO:  - distnoted (PID: 592)
2024-01-27 02:35:28,424 - INFO:  - usernotificationsd (PID: 593)
2024-01-27 02:35:28,425 - INFO:  - trustd (PID: 596)
2024-01-27 02:35:28,425 - INFO:  - identityservicesd (PID: 601)
2024-01-27 02:35:28,425 - INFO:  - NotificationCenter (PID: 602)
2024-01-27 02:35:28,425 - INFO:  - accountsd (PID: 605)
2024-01-27 02:35:28,425 - INFO:  - WiFiAgent (PID: 607)
2024-01-27 02:35:28,425 - INFO:  - Safari (PID: 625)
2024-01-27 02:35:28,425 - INFO:  - Notes (PID: 628)
2024-01-27 02:35:28,425 - INFO:  - aned (PID: 631)
2024-01-27 02:35:28,425 - INFO:  - awdd (PID: 636)
2024-01-27 02:35:28,425 - INFO:  - sharingd (PID: 641)
2024-01-27 02:35:28,425 - INFO:  - ViewBridgeAuxiliary (PID: 645)
2024-01-27 02:35:28,425 - INFO:  - familycircled (PID: 646)
2024-01-27 02:35:28,425 - INFO:  - ContinuityCaptureAgent (PID: 648)
2024-01-27 02:35:28,425 - INFO:  - sharedfilelistd (PID: 650)
2024-01-27 02:35:28,425 - INFO:  - StatusKitAgent (PID: 651)
2024-01-27 02:35:28,425 - INFO:  - Google Chrome (PID: 655)
2024-01-27 02:35:28,425 - INFO:  - SubmitDiagInfo (PID: 657)
2024-01-27 02:35:28,425 - INFO:  - Dock (PID: 672)
2024-01-27 02:35:28,425 - INFO:  - ControlCenter (PID: 673)
2024-01-27 02:35:28,425 - INFO:  - fontd (PID: 674)
2024-01-27 02:35:28,425 - INFO:  - SystemUIServer (PID: 675)
2024-01-27 02:35:28,425 - INFO:  - Finder (PID: 676)
2024-01-27 02:35:28,425 - INFO:  - WallpaperAgent (PID: 679)
2024-01-27 02:35:28,425 - INFO:  - fontworker (PID: 680)
2024-01-27 02:35:28,425 - INFO:  - filecoordination (PID: 681)
2024-01-27 02:35:28,425 - INFO:  - automountd (PID: 685)
2024-01-27 02:35:28,425 - INFO:  - fileproviderd (PID: 686)
2024-01-27 02:35:28,425 - INFO:  - AMPDeviceDiscoveryAgent (PID: 687)
2024-01-27 02:35:28,426 - INFO:  - oahd (PID: 699)
2024-01-27 02:35:28,426 - INFO:  - nearbyd (PID: 701)
2024-01-27 02:35:28,426 - INFO:  - gamepolicyd (PID: 704)
2024-01-27 02:35:28,426 - INFO:  - WallpaperImageExtension (PID: 707)
2024-01-27 02:35:28,426 - INFO:  - useractivityd (PID: 714)
2024-01-27 02:35:28,426 - INFO:  - com.apple.dock.extra (PID: 715)
2024-01-27 02:35:28,426 - INFO:  - com.apple.CloudDocs.iCloudDriveFileProvider (PID: 721)
2024-01-27 02:35:28,426 - INFO:  - Spotlight (PID: 722)
2024-01-27 02:35:28,426 - INFO:  - corespotlightd (PID: 725)
2024-01-27 02:35:28,426 - INFO:  - imagent (PID: 732)
2024-01-27 02:35:28,426 - INFO:  - UIKitSystem (PID: 733)
2024-01-27 02:35:28,426 - INFO:  - imklaunchagent (PID: 738)
2024-01-27 02:35:28,426 - INFO:  - CursorUIViewService (PID: 740)
2024-01-27 02:35:28,426 - INFO:  - PAH_Extension (PID: 742)
2024-01-27 02:35:28,426 - INFO:  - CVMServer (PID: 751)
2024-01-27 02:35:28,426 - INFO:  - mediaremoteagent (PID: 752)
2024-01-27 02:35:28,426 - INFO:  - avconferenced (PID: 757)
2024-01-27 02:35:28,426 - INFO:  - storedownloadd (PID: 773)
2024-01-27 02:35:28,426 - INFO:  - fairplayd (PID: 792)
2024-01-27 02:35:28,426 - INFO:  - diagnostics_agent (PID: 794)
2024-01-27 02:35:28,426 - INFO:  - commerce (PID: 797)
2024-01-27 02:35:28,426 - INFO:  - chrome_crashpad_handler (PID: 799)
2024-01-27 02:35:28,426 - INFO:  - mdbulkimport (PID: 800)
2024-01-27 02:35:28,426 - INFO:  - distnoted (PID: 801)
2024-01-27 02:35:28,426 - INFO:  - Google Chrome Helper (GPU) (PID: 805)
2024-01-27 02:35:28,426 - INFO:  - Google Chrome Helper (PID: 806)
2024-01-27 02:35:28,426 - INFO:  - Google Chrome Helper (PID: 807)
2024-01-27 02:35:28,426 - INFO:  - com.apple.Safari.History (PID: 809)
2024-01-27 02:35:28,426 - INFO:  - mdwrite (PID: 851)
2024-01-27 02:35:28,426 - INFO:  - passd (PID: 856)
2024-01-27 02:35:28,426 - INFO:  - icdd (PID: 866)
2024-01-27 02:35:28,427 - INFO:  - com.apple.WebKit.Networking (PID: 888)
2024-01-27 02:35:28,427 - INFO:  - 7. Video (PID: 890)
2024-01-27 02:35:28,427 - INFO:  - PasswordBreachAgent (PID: 913)
2024-01-27 02:35:28,427 - INFO:  - com.apple.WebKit.WebContent (PID: 932)
2024-01-27 02:35:28,427 - INFO:  - webinspectord (PID: 934)
2024-01-27 02:35:28,427 - INFO:  - remotepairingd (PID: 935)
2024-01-27 02:35:28,427 - INFO:  - com.apple.WebKit.GPU (PID: 939)
2024-01-27 02:35:28,427 - INFO:  - com.apple.WebKit.WebContent (PID: 963)
2024-01-27 02:35:28,427 - INFO:  - distnoted (PID: 966)
2024-01-27 02:35:28,427 - INFO:  - com.apple.appkit.xpc.openAndSavePanelService (PID: 972)
2024-01-27 02:35:28,427 - INFO:  - distnoted (PID: 977)
2024-01-27 02:35:28,427 - INFO:  - gamecontrolleragentd (PID: 978)
2024-01-27 02:35:28,427 - INFO:  - distnoted (PID: 982)
2024-01-27 02:35:28,427 - INFO:  - distnoted (PID: 988)
2024-01-27 02:35:28,427 - INFO:  - com.apple.WebKit.WebContent (PID: 995)
2024-01-27 02:35:28,427 - INFO:  - launcher (PID: 1006)
2024-01-27 02:35:28,427 - INFO:  - corespeechd (PID: 1015)
2024-01-27 02:35:28,427 - INFO:  - AirPlayUIAgent (PID: 1025)
2024-01-27 02:35:28,427 - INFO:  - TextInputMenuAgent (PID: 1027)
2024-01-27 02:35:28,427 - INFO:  - ctkahp (PID: 1030)
2024-01-27 02:35:28,427 - INFO:  - Google Drive (PID: 1031)
2024-01-27 02:35:28,428 - INFO:  - systemstats (PID: 1043)
2024-01-27 02:35:28,428 - INFO:  - crashpad_handler (PID: 1073)
2024-01-27 02:35:28,428 - INFO:  - ptpcamerad (PID: 1087)
2024-01-27 02:35:28,428 - INFO:  - universalAccessAuthWarn (PID: 1153)
2024-01-27 02:35:28,428 - INFO:  - mdbulkimport (PID: 1204)
2024-01-27 02:35:28,428 - INFO:  - CrashReporterSup (PID: 1309)
2024-01-27 02:35:28,428 - INFO:  - distnoted (PID: 1479)
2024-01-27 02:35:28,428 - INFO:  - seserviced (PID: 1519)
2024-01-27 02:35:28,428 - INFO:  - fbahelperd (PID: 1537)
2024-01-27 02:35:28,428 - INFO:  - com.apple.Safari.SearchHelper (PID: 2054)
2024-01-27 02:35:28,428 - INFO:  - Shortcuts Events (PID: 2121)
2024-01-27 02:35:28,428 - INFO:  - taskgated (PID: 2401)
2024-01-27 02:35:28,428 - INFO:  - Google Chrome Helper (PID: 2787)
2024-01-27 02:35:28,428 - INFO:  - com.apple.appkit.xpc.openAndSavePanelService (PID: 3778)
2024-01-27 02:35:28,428 - INFO:  - CopyClip (PID: 5069)
2024-01-27 02:35:28,428 - INFO:  - storeaccountd (PID: 5244)
2024-01-27 02:35:28,428 - INFO:  - searchpartyuseragent (PID: 5246)
2024-01-27 02:35:28,428 - INFO:  - IMAutomaticHistoryDeletionAgent (PID: 5569)
2024-01-27 02:35:28,428 - INFO:  - PowerChime (PID: 7162)
2024-01-27 02:35:28,428 - INFO:  - logd_reporter (PID: 7490)
2024-01-27 02:35:28,428 - INFO:  - distnoted (PID: 7507)
2024-01-27 02:35:28,428 - INFO:  - Terminal (PID: 10154)
2024-01-27 02:35:28,428 - INFO:  - distnoted (PID: 12681)
2024-01-27 02:35:28,428 - INFO:  - ctkahp (PID: 12848)
2024-01-27 02:35:28,428 - INFO:  - launcher (PID: 16327)
2024-01-27 02:35:28,428 - INFO:  - Google Chrome Helper (Renderer) (PID: 19373)
2024-01-27 02:35:28,429 - INFO:  - Google Chrome Helper (Renderer) (PID: 22760)
2024-01-27 02:35:28,429 - INFO:  - launcher (PID: 26775)
2024-01-27 02:35:28,429 - INFO:  - com.apple.WebKit.WebContent (PID: 28061)
2024-01-27 02:35:28,429 - INFO:  - com.apple.WebKit.WebContent (PID: 28073)
2024-01-27 02:35:28,429 - INFO:  - com.apple.WebKit.WebContent (PID: 28075)
2024-01-27 02:35:28,429 - INFO:  - com.apple.Safari.SandboxBroker (PID: 29084)
2024-01-27 02:35:28,429 - INFO:  - garcon (PID: 29495)
2024-01-27 02:35:28,429 - INFO:  - garcon (PID: 29497)
2024-01-27 02:35:28,429 - INFO:  - garcon (PID: 29498)
2024-01-27 02:35:28,429 - INFO:  - storeuid (PID: 30128)
2024-01-27 02:35:28,429 - INFO:  - Preview (PID: 34357)
2024-01-27 02:35:28,429 - INFO:  - mscamerad-xpc (PID: 34362)
2024-01-27 02:35:28,429 - INFO:  - mbuseragent (PID: 34823)
2024-01-27 02:35:28,429 - INFO:  - MathWorksServiceHost (PID: 35786)
2024-01-27 02:35:28,429 - INFO:  - MSHHealthMonitor (PID: 35804)
2024-01-27 02:35:28,429 - INFO:  - ShareSheetUI (PID: 35810)
2024-01-27 02:35:28,429 - INFO:  - Messages (PID: 35817)
2024-01-27 02:35:28,429 - INFO:  - Google Chrome Helper (Renderer) (PID: 37646)
2024-01-27 02:35:28,429 - INFO:  - com.apple.WebKit.WebContent (PID: 37692)
2024-01-27 02:35:28,429 - INFO:  - Google Chrome Helper (Renderer) (PID: 38181)
2024-01-27 02:35:28,429 - INFO:  - Family (PID: 38278)
2024-01-27 02:35:28,429 - INFO:  - hdiejectd (PID: 38828)
2024-01-27 02:35:28,429 - INFO:  - diskimages-helper (PID: 38830)
2024-01-27 02:35:28,429 - INFO:  - com.apple.WebKit.WebContent (PID: 38913)
2024-01-27 02:35:28,429 - INFO:  - com.docker.backend (PID: 38966)
2024-01-27 02:35:28,430 - INFO:  - com.docker.dev-envs (PID: 38975)
2024-01-27 02:35:28,430 - INFO:  - com.docker.build (PID: 38976)
2024-01-27 02:35:28,430 - INFO:  - docker (PID: 38977)
2024-01-27 02:35:28,430 - INFO:  - com.docker.extensions (PID: 38978)
2024-01-27 02:35:28,430 - INFO:  - Docker Desktop (PID: 39027)
2024-01-27 02:35:28,430 - INFO:  - Docker Desktop Helper (GPU) (PID: 39028)
2024-01-27 02:35:28,430 - INFO:  - Docker Desktop Helper (PID: 39029)
2024-01-27 02:35:28,430 - INFO:  - com.apple.WebKit.WebContent (PID: 39098)
2024-01-27 02:35:28,430 - INFO:  - Google Chrome Helper (Renderer) (PID: 39676)
2024-01-27 02:35:28,430 - INFO:  - com.apple.WebKit.WebContent (PID: 39831)
2024-01-27 02:35:28,430 - INFO:  - Google Chrome Helper (Renderer) (PID: 40277)
2024-01-27 02:35:28,430 - INFO:  - Electron (PID: 41126)
2024-01-27 02:35:28,430 - INFO:  - chrome_crashpad_handler (PID: 41128)
2024-01-27 02:35:28,430 - INFO:  - Code Helper (GPU) (PID: 41129)
2024-01-27 02:35:28,430 - INFO:  - Code Helper (PID: 41130)
2024-01-27 02:35:28,430 - INFO:  - Code Helper (PID: 41142)
2024-01-27 02:35:28,430 - INFO:  - Code Helper (PID: 41167)
2024-01-27 02:35:28,430 - INFO:  - DiskUnmountWatcher (PID: 45024)
2024-01-27 02:35:28,430 - INFO:  - crashpad_handler (PID: 45036)
2024-01-27 02:35:28,431 - INFO:  - crashpad_handler (PID: 45078)
2024-01-27 02:35:28,431 - INFO:  - Google Drive (PID: 45079)
2024-01-27 02:35:28,431 - INFO:  - Google Drive Helper (GPU) (PID: 45085)
2024-01-27 02:35:28,431 - INFO:  - Google Drive Helper (PID: 45086)
2024-01-27 02:35:28,431 - INFO:  - Google Drive Helper (PID: 45087)
2024-01-27 02:35:28,431 - INFO:  - Google Drive Helper (Renderer) (PID: 45088)
2024-01-27 02:35:28,431 - INFO:  - Google Drive Helper (Renderer) (PID: 45089)
2024-01-27 02:35:28,431 - INFO:  - mscamerad-xpc (PID: 45090)
2024-01-27 02:35:28,431 - INFO:  - FinderSyncExtension (PID: 45094)
2024-01-27 02:35:28,431 - INFO:  - FinderSyncExtension (PID: 45095)
2024-01-27 02:35:28,431 - INFO:  - FinderSyncExtension (PID: 45096)
2024-01-27 02:35:28,431 - INFO:  - appstorecomponentsd (PID: 49583)
2024-01-27 02:35:28,431 - INFO:  - com.apple.Safari.SafeBrowsing.Service (PID: 51323)
2024-01-27 02:35:28,431 - INFO:  - containermanagerd (PID: 51400)
2024-01-27 02:35:28,431 - INFO:  - AppleSpell (PID: 51484)
2024-01-27 02:35:28,431 - INFO:  - siriactionsd (PID: 51556)
2024-01-27 02:35:28,431 - INFO:  - com.apple.WebKit.WebContent (PID: 51992)
2024-01-27 02:35:28,431 - INFO:  - com.apple.WebKit.WebContent (PID: 51993)
2024-01-27 02:35:28,431 - INFO:  - ContextStoreAgent (PID: 54648)
2024-01-27 02:35:28,431 - INFO:  - com.apple.CodeSi (PID: 55859)
2024-01-27 02:35:28,432 - INFO:  - WhatsApp (PID: 56964)
2024-01-27 02:35:28,432 - INFO:  - WhatsApp (PID: 56965)
2024-01-27 02:35:28,432 - INFO:  - TextEdit (PID: 57043)
2024-01-27 02:35:28,432 - INFO:  - com.apple.appkit.xpc.openAndSavePanelService (PID: 57046)
2024-01-27 02:35:28,432 - INFO:  - garcon (PID: 57433)
2024-01-27 02:35:28,432 - INFO:  - FinderSyncExtension (PID: 57434)
2024-01-27 02:35:28,432 - INFO:  - sysmond (PID: 57562)
2024-01-27 02:35:28,432 - INFO:  - bird (PID: 57568)
2024-01-27 02:35:28,432 - INFO:  - Google Chrome Helper (Renderer) (PID: 59360)
2024-01-27 02:35:28,433 - INFO:  - Activity Monitor (PID: 60032)
2024-01-27 02:35:28,433 - INFO:  - audioanalyticsd (PID: 62607)
2024-01-27 02:35:28,433 - INFO:  - netbiosd (PID: 62725)
2024-01-27 02:35:28,433 - INFO:  - PerfPowerService (PID: 64810)
2024-01-27 02:35:28,433 - INFO:  - Teams (PID: 65606)
2024-01-27 02:35:28,433 - INFO:  - sharedfilelistd (PID: 65608)
2024-01-27 02:35:28,433 - INFO:  - chrome_crashpad_handler (PID: 65674)
2024-01-27 02:35:28,433 - INFO:  - Microsoft Teams classic Helper (GPU) (PID: 65675)
2024-01-27 02:35:28,433 - INFO:  - Microsoft Teams classic Helper (PID: 65676)
2024-01-27 02:35:28,434 - INFO:  - Microsoft Teams classic Helper (Renderer) (PID: 65680)
2024-01-27 02:35:28,434 - INFO:  - Microsoft Teams classic Helper (PID: 65684)
2024-01-27 02:35:28,434 - INFO:  - Microsoft Teams classic Helper (Renderer) (PID: 65685)
2024-01-27 02:35:28,434 - INFO:  - Microsoft Teams classic Helper (Renderer) (PID: 65694)
2024-01-27 02:35:28,436 - INFO:  - Microsoft Teams classic Helper (Renderer) (PID: 65695)
2024-01-27 02:35:28,436 - INFO:  - assistantd (PID: 65949)
2024-01-27 02:35:28,436 - INFO:  - distnoted (PID: 65958)
2024-01-27 02:35:28,436 - INFO:  - lsd (PID: 65959)
2024-01-27 02:35:28,436 - INFO:  - syncdefaultsd (PID: 66994)
2024-01-27 02:35:28,436 - INFO:  - sandboxd (PID: 67120)
2024-01-27 02:35:28,437 - INFO:  - SafariBookmarksSyncAgent (PID: 73428)
2024-01-27 02:35:28,437 - INFO:  - suggestd (PID: 73447)
2024-01-27 02:35:28,437 - INFO:  - com.apple.hiservices-xpcservice (PID: 73963)
2024-01-27 02:35:28,437 - INFO:  - parsecd (PID: 78324)
2024-01-27 02:35:28,437 - INFO:  - contentlinkingd (PID: 80485)
2024-01-27 02:35:28,437 - INFO:  - mobileassetd (PID: 80515)
2024-01-27 02:35:28,437 - INFO:  - backupd (PID: 80521)
2024-01-27 02:35:28,437 - INFO:  - coresymbolicatio (PID: 80525)
2024-01-27 02:35:28,438 - INFO:  - ScreenTimeAgent (PID: 80634)
2024-01-27 02:35:28,438 - INFO:  - chronod (PID: 81268)
2024-01-27 02:35:28,438 - INFO:  - Google Chrome Helper (PID: 81522)
2024-01-27 02:35:28,438 - INFO:  - LocalAuthenticationRemoteService (PID: 81566)
2024-01-27 02:35:28,438 - INFO:  - nehelper (PID: 81569)
2024-01-27 02:35:28,439 - INFO:  - com.apple.WebKit.WebContent (PID: 81571)
2024-01-27 02:35:28,439 - INFO:  - Siri (PID: 81573)
2024-01-27 02:35:28,439 - INFO:  - callservicesd (PID: 81581)
2024-01-27 02:35:28,439 - INFO:  - BiomeAgent (PID: 81601)
2024-01-27 02:35:28,439 - INFO:  - SiriNCService (PID: 81603)
2024-01-27 02:35:28,439 - INFO:  - routined (PID: 82101)
2024-01-27 02:35:28,439 - INFO:  - com.apple.WebKit.WebContent (PID: 82475)
2024-01-27 02:35:28,439 - INFO:  - proactived (PID: 82486)
2024-01-27 02:35:28,440 - INFO:  - com.apple.WebKit.WebContent (PID: 82530)
2024-01-27 02:35:28,440 - INFO:  - biomed (PID: 83463)
2024-01-27 02:35:28,440 - INFO:  - cloudd (PID: 83468)
2024-01-27 02:35:28,440 - INFO:  - tccd (PID: 83469)
2024-01-27 02:35:28,440 - INFO:  - neagent (PID: 83476)
2024-01-27 02:35:28,441 - INFO:  - akd (PID: 83477)
2024-01-27 02:35:28,441 - INFO:  - adid (PID: 83478)
2024-01-27 02:35:28,441 - INFO:  - com.apple.Accoun (PID: 83479)
2024-01-27 02:35:28,441 - INFO:  - rtcreportingd (PID: 83480)
2024-01-27 02:35:28,441 - INFO:  - contactsd (PID: 83508)
2024-01-27 02:35:28,441 - INFO:  - audiomxd (PID: 83515)
2024-01-27 02:35:28,441 - INFO:  - CoreServicesUIAgent (PID: 83529)
2024-01-27 02:35:28,442 - INFO:  - XprotectService (PID: 83530)
2024-01-27 02:35:28,442 - INFO:  - wifip2pd (PID: 83541)
2024-01-27 02:35:28,442 - INFO:  - com.apple.WebKit.WebContent (PID: 83622)
2024-01-27 02:35:28,442 - INFO:  - pbs (PID: 83647)
2024-01-27 02:35:28,442 - INFO:  - systemsoundserve (PID: 83660)
2024-01-27 02:35:28,442 - INFO:  - biomesyncd (PID: 83990)
2024-01-27 02:35:28,442 - INFO:  - CommCenter (PID: 84082)
2024-01-27 02:35:28,442 - INFO:  - com.apple.audio. (PID: 84101)
2024-01-27 02:35:28,442 - INFO:  - containermanager (PID: 84103)
2024-01-27 02:35:28,442 - INFO:  - audioaccessoryd (PID: 84119)
2024-01-27 02:35:28,442 - INFO:  - intelligentroutingd (PID: 84122)
2024-01-27 02:35:28,442 - INFO:  - coreauthd (PID: 84137)
2024-01-27 02:35:28,442 - INFO:  - maild (PID: 84138)
2024-01-27 02:35:28,442 - INFO:  - biometrickitd (PID: 84139)
2024-01-27 02:35:28,443 - INFO:  - Keychain Circle Notification (PID: 84140)
2024-01-27 02:35:28,443 - INFO:  - cdpd (PID: 84141)
2024-01-27 02:35:28,443 - INFO:  - replayd (PID: 84142)
2024-01-27 02:35:28,443 - INFO:  - swcd (PID: 84144)
2024-01-27 02:35:28,443 - INFO:  - ospredictiond (PID: 84145)
2024-01-27 02:35:28,443 - INFO:  - triald (PID: 84146)
2024-01-27 02:35:28,443 - INFO:  - osanalyticshelpe (PID: 84147)
2024-01-27 02:35:28,443 - INFO:  - idleassetsd (PID: 84149)
2024-01-27 02:35:28,443 - INFO:  - WirelessRadioMan (PID: 84150)
2024-01-27 02:35:28,443 - INFO:  - online-auth-agen (PID: 84154)
2024-01-27 02:35:28,443 - INFO:  - coreduetd (PID: 84156)
2024-01-27 02:35:28,443 - INFO:  - knowledge-agent (PID: 84157)
2024-01-27 02:35:28,443 - INFO:  - securityd_system (PID: 84158)
2024-01-27 02:35:28,443 - INFO:  - calaccessd (PID: 84159)
2024-01-27 02:35:28,443 - INFO:  - CoreLocationAgent (PID: 84160)
2024-01-27 02:35:28,443 - INFO:  - remindd (PID: 84161)
2024-01-27 02:35:28,443 - INFO:  - com.apple.WebKit.WebContent (PID: 84165)
2024-01-27 02:35:28,443 - INFO:  - com.apple.accessibility.mediaaccessibilityd (PID: 84166)
2024-01-27 02:35:28,444 - INFO:  - AudioComponentRegistrar (PID: 84167)
2024-01-27 02:35:28,444 - INFO:  - pkd (PID: 84168)
2024-01-27 02:35:28,444 - INFO:  - CarbonComponentScannerXPC (PID: 84169)
2024-01-27 02:35:28,444 - INFO:  - iconservicesagent (PID: 84170)
2024-01-27 02:35:28,444 - INFO:  - iconservicesd (PID: 84171)
2024-01-27 02:35:28,444 - INFO:  - com.apple.SiriTTSService.TrialProxy (PID: 84192)
2024-01-27 02:35:28,444 - INFO:  - MTLCompilerService (PID: 84198)
2024-01-27 02:35:28,444 - INFO:  - MTLCompilerService (PID: 84199)
2024-01-27 02:35:28,444 - INFO:  - powerdatad (PID: 84267)
2024-01-27 02:35:28,444 - INFO:  - backupd-helper (PID: 84268)
2024-01-27 02:35:28,444 - INFO:  - dmd (PID: 84301)
2024-01-27 02:35:28,444 - INFO:  - translationd (PID: 84302)
2024-01-27 02:35:28,444 - INFO:  - ManagedSettingsAgent (PID: 84303)
2024-01-27 02:35:28,444 - INFO:  - ContextService (PID: 84307)
2024-01-27 02:35:28,444 - INFO:  - AssetCacheLocatorService (PID: 84308)
2024-01-27 02:35:28,445 - INFO:  - PlugInLibraryService (PID: 84331)
2024-01-27 02:35:28,445 - INFO:  - dataaccessd (PID: 84337)
2024-01-27 02:35:28,445 - INFO:  - peopled (PID: 84338)
2024-01-27 02:35:28,445 - INFO:  - donotdisturbd (PID: 84339)
2024-01-27 02:35:28,445 - INFO:  - extensionkitservice (PID: 84340)
2024-01-27 02:35:28,445 - INFO:  - CalendarWidgetExtension (PID: 84341)
2024-01-27 02:35:28,445 - INFO:  - secinitd (PID: 84342)
2024-01-27 02:35:28,445 - INFO:  - fmfd (PID: 84346)
2024-01-27 02:35:28,445 - INFO:  - usermanagerd (PID: 84347)
2024-01-27 02:35:28,445 - INFO:  - com.apple.geod (PID: 84348)
2024-01-27 02:35:28,445 - INFO:  - com.apple.geod (PID: 84353)
2024-01-27 02:35:28,445 - INFO:  - com.apple.geod (PID: 84354)
2024-01-27 02:35:28,445 - INFO:  - com.apple.geod (PID: 84355)
2024-01-27 02:35:28,445 - INFO:  - secinitd (PID: 84356)
2024-01-27 02:35:28,445 - INFO:  - secinitd (PID: 84357)
2024-01-27 02:35:28,445 - INFO:  - secinitd (PID: 84358)
2024-01-27 02:35:28,445 - INFO:  - cfprefsd (PID: 84359)
2024-01-27 02:35:28,445 - INFO:  - trustd (PID: 84360)
2024-01-27 02:35:28,445 - INFO:  - trustdFileHelper (PID: 84361)
2024-01-27 02:35:28,445 - INFO:  - cfprefsd (PID: 84362)
2024-01-27 02:35:28,445 - INFO:  - containermanager (PID: 84363)
2024-01-27 02:35:28,445 - INFO:  - containermanager (PID: 84370)
2024-01-27 02:35:28,445 - INFO:  - trustd (PID: 84373)
2024-01-27 02:35:28,445 - INFO:  - CMFSyncAgent (PID: 84378)
2024-01-27 02:35:28,445 - INFO:  - containermanager (PID: 84379)
2024-01-27 02:35:28,445 - INFO:  - ScopedBookmarkAgent (PID: 84397)
2024-01-27 02:35:28,446 - INFO:  - amfid (PID: 84399)
2024-01-27 02:35:28,446 - INFO:  - ThemeWidgetControlViewService (PID: 84409)
2024-01-27 02:35:28,446 - INFO:  - ScreenTimeWidgetExtension (PID: 84477)
2024-01-27 02:35:28,446 - INFO:  - UsageTrackingAgent (PID: 84478)
2024-01-27 02:35:28,446 - INFO:  - CategoriesService (PID: 84479)
2024-01-27 02:35:28,446 - INFO:  - parsec-fbf (PID: 84507)
2024-01-27 02:35:28,446 - INFO:  - Code Helper (Renderer) (PID: 84706)
2024-01-27 02:35:28,447 - INFO:  - Code Helper (Plugin) (PID: 84708)
2024-01-27 02:35:28,447 - INFO:  - Code Helper (PID: 84709)
2024-01-27 02:35:28,447 - INFO:  - Code Helper (Plugin) (PID: 84710)
2024-01-27 02:35:28,447 - INFO:  - com.apple.WebKit.WebContent (PID: 84746)
2024-01-27 02:35:28,447 - INFO:  - MTLCompilerService (PID: 84747)
2024-01-27 02:35:28,447 - INFO:  - reversetemplated (PID: 84748)
2024-01-27 02:35:28,447 - INFO:  - MTLCompilerService (PID: 84751)
2024-01-27 02:35:28,447 - INFO:  - IntelligencePlatformComputeService (PID: 85005)
2024-01-27 02:35:28,447 - INFO:  - com.apple.quicklook.ThumbnailsAgent (PID: 85061)
2024-01-27 02:35:28,447 - INFO:  - CGPDFService (PID: 85062)
2024-01-27 02:35:28,447 - INFO:  - QuickLookSatellite (PID: 85063)
2024-01-27 02:35:28,447 - INFO:  - VTDecoderXPCService (PID: 85064)
2024-01-27 02:35:28,447 - INFO:  - CSExattrCryptoService (PID: 85065)
2024-01-27 02:35:28,447 - INFO:  - mediaanalysisd (PID: 85066)
2024-01-27 02:35:28,447 - INFO:  - naturallanguaged (PID: 85079)
2024-01-27 02:35:28,447 - INFO:  - Google Chrome Helper (Renderer) (PID: 85101)
2024-01-27 02:35:28,447 - INFO:  - Google Chrome Helper (Renderer) (PID: 85110)
2024-01-27 02:35:28,447 - INFO:  - VTDecoderXPCService (PID: 85113)
2024-01-27 02:35:28,447 - INFO:  - csnameddatad (PID: 85116)
2024-01-27 02:35:28,447 - INFO:  - LensOCR (PID: 85117)
2024-01-27 02:35:28,448 - INFO:  - storekitagent (PID: 85118)
2024-01-27 02:35:28,448 - INFO:  - amsaccountsd (PID: 85119)
2024-01-27 02:35:28,448 - INFO:  - amsengagementd (PID: 85120)
2024-01-27 02:35:28,448 - INFO:  - networkserviceproxy (PID: 85132)
2024-01-27 02:35:28,448 - INFO:  - Google Chrome Helper (Renderer) (PID: 85148)
2024-01-27 02:35:28,448 - INFO:  - Google Chrome Helper (Renderer) (PID: 85151)
2024-01-27 02:35:28,448 - INFO:  - Google Chrome Helper (Renderer) (PID: 85168)
2024-01-27 02:35:28,448 - INFO:  - WeatherWidget (PID: 85200)
2024-01-27 02:35:28,448 - INFO:  - intents_helper (PID: 85230)
2024-01-27 02:35:28,448 - INFO:  - CSExattrCryptoService (PID: 85254)
2024-01-27 02:35:28,448 - INFO:  - ThumbnailExtension_macOS (PID: 85255)
2024-01-27 02:35:28,448 - INFO:  - Code Helper (Renderer) (PID: 85261)
2024-01-27 02:35:28,448 - INFO:  - Code Helper (PID: 85262)
2024-01-27 02:35:28,448 - INFO:  - Code Helper (Plugin) (PID: 85263)
2024-01-27 02:35:28,448 - INFO:  - zsh (PID: 85283)
2024-01-27 02:35:28,448 - INFO:  - Code Helper (Plugin) (PID: 85310)
2024-01-27 02:35:28,448 - INFO:  - Python (PID: 85313)
2024-01-27 02:35:28,448 - INFO:  - Code Helper (Plugin) (PID: 85339)
2024-01-27 02:35:28,448 - INFO:  - MTLCompilerService (PID: 85368)
2024-01-27 02:35:28,448 - INFO:  - mdworker_shared (PID: 85379)
2024-01-27 02:35:28,448 - INFO:  - logd_helper (PID: 85406)
2024-01-27 02:35:28,448 - INFO:  - mdworker_shared (PID: 85411)
2024-01-27 02:35:28,448 - INFO:  - AXVisualSupportAgent (PID: 85430)
2024-01-27 02:35:28,449 - INFO:  - Microsoft Teams classic Helper (Renderer) (PID: 85433)
2024-01-27 02:35:28,449 - INFO:  - mdworker_shared (PID: 85434)
2024-01-27 02:35:28,449 - INFO:  - mdworker_shared (PID: 85435)
2024-01-27 02:35:28,449 - INFO:  - Python (PID: 85437)
2024-01-27 02:35:28,449 - INFO: System Health Monitoring Script completed.
